<?xml version="1.0" encoding="UTF-8"?>
<coverage generated="1783673486157" clover="3.2.0">
  <project timestamp="1783673486157" name="All files">
    <metrics statements="1104" coveredstatements="900" conditionals="817" coveredconditionals="570" methods="211" coveredmethods="162" elements="2132" coveredelements="1632" complexity="0" loc="1104" ncloc="1104" packages="5" files="28" classes="28"/>
    <package name="provider">
      <metrics statements="87" coveredstatements="59" conditionals="32" coveredconditionals="3" methods="20" coveredmethods="12"/>
      <file name="catalog.ts" path="/home/beznet/Workspace/edapex/src/lib/provider/catalog.ts">
        <metrics statements="12" coveredstatements="11" conditionals="0" coveredconditionals="0" methods="5" coveredmethods="4"/>
        <line num="29" count="5" type="stmt"/>
        <line num="59" count="5" type="stmt"/>
        <line num="109" count="5" type="stmt"/>
        <line num="362" count="0" type="stmt"/>
        <line num="366" count="28" type="stmt"/>
        <line num="370" count="48" type="stmt"/>
        <line num="374" count="3" type="stmt"/>
        <line num="377" count="5" type="stmt"/>
        <line num="379" count="5" type="stmt"/>
        <line num="387" count="5" type="stmt"/>
        <line num="401" count="5" type="stmt"/>
        <line num="402" count="5" type="stmt"/>
      </file>
      <file name="errors.ts" path="/home/beznet/Workspace/edapex/src/lib/provider/errors.ts">
        <metrics statements="35" coveredstatements="22" conditionals="3" coveredconditionals="1" methods="10" coveredmethods="7"/>
        <line num="12" count="29" type="stmt"/>
        <line num="13" count="29" type="stmt"/>
        <line num="18" count="3" type="stmt"/>
        <line num="20" count="3" type="stmt"/>
        <line num="21" count="3" type="stmt"/>
        <line num="22" count="3" type="cond" truecount="1" falsecount="0"/>
        <line num="24" count="3" type="stmt"/>
        <line num="29" count="1" type="stmt"/>
        <line num="30" count="1" type="stmt"/>
        <line num="31" count="1" type="stmt"/>
        <line num="36" count="1" type="stmt"/>
        <line num="38" count="1" type="stmt"/>
        <line num="43" count="0" type="stmt"/>
        <line num="44" count="0" type="stmt"/>
        <line num="45" count="0" type="stmt"/>
        <line num="50" count="0" type="stmt"/>
        <line num="52" count="0" type="stmt"/>
        <line num="53" count="0" type="stmt"/>
        <line num="54" count="0" type="stmt"/>
        <line num="56" count="0" type="stmt"/>
        <line num="61" count="3" type="stmt"/>
        <line num="62" count="3" type="stmt"/>
        <line num="63" count="3" type="stmt"/>
        <line num="68" count="0" type="stmt"/>
        <line num="70" count="0" type="stmt"/>
        <line num="71" count="0" type="stmt"/>
        <line num="72" count="0" type="stmt"/>
        <line num="74" count="0" type="stmt"/>
        <line num="83" count="2" type="stmt"/>
        <line num="84" count="2" type="stmt"/>
        <line num="85" count="2" type="stmt"/>
        <line num="99" count="19" type="stmt"/>
        <line num="102" count="19" type="stmt"/>
        <line num="103" count="19" type="stmt"/>
        <line num="105" count="19" type="stmt"/>
      </file>
      <file name="rate-limit.ts" path="/home/beznet/Workspace/edapex/src/lib/provider/rate-limit.ts">
        <metrics statements="15" coveredstatements="1" conditionals="27" coveredconditionals="0" methods="3" coveredmethods="0"/>
        <line num="10" count="3" type="stmt"/>
        <line num="29" count="0" type="cond" truecount="0" falsecount="2"/>
        <line num="30" count="0" type="stmt"/>
        <line num="31" count="0" type="stmt"/>
        <line num="32" count="0" type="cond" truecount="0" falsecount="4"/>
        <line num="33" count="0" type="stmt"/>
        <line num="34" count="0" type="cond" truecount="0" falsecount="2"/>
        <line num="35" count="0" type="stmt"/>
        <line num="36" count="0" type="cond" truecount="0" falsecount="5"/>
        <line num="37" count="0" type="cond" truecount="0" falsecount="6"/>
        <line num="48" count="0" type="cond" truecount="0" falsecount="2"/>
        <line num="49" count="0" type="stmt"/>
        <line num="50" count="0" type="stmt"/>
        <line num="51" count="0" type="cond" truecount="0" falsecount="2"/>
        <line num="52" count="0" type="stmt"/>
      </file>
      <file name="spec.ts" path="/home/beznet/Workspace/edapex/src/lib/provider/spec.ts">
        <metrics statements="16" coveredstatements="16" conditionals="0" coveredconditionals="0" methods="0" coveredmethods="0"/>
        <line num="11" count="12" type="stmt"/>
        <line num="19" count="12" type="stmt"/>
        <line num="26" count="12" type="stmt"/>
        <line num="29" count="12" type="stmt"/>
        <line num="37" count="12" type="stmt"/>
        <line num="43" count="12" type="stmt"/>
        <line num="55" count="12" type="stmt"/>
        <line num="65" count="12" type="stmt"/>
        <line num="72" count="12" type="stmt"/>
        <line num="79" count="12" type="stmt"/>
        <line num="88" count="12" type="stmt"/>
        <line num="99" count="12" type="stmt"/>
        <line num="102" count="12" type="stmt"/>
        <line num="114" count="12" type="stmt"/>
        <line num="117" count="12" type="stmt"/>
        <line num="136" count="12" type="stmt"/>
      </file>
      <file name="types.ts" path="/home/beznet/Workspace/edapex/src/lib/provider/types.ts">
        <metrics statements="9" coveredstatements="9" conditionals="2" coveredconditionals="2" methods="2" coveredmethods="1"/>
        <line num="10" count="13" type="stmt"/>
        <line num="13" count="13" type="stmt"/>
        <line num="16" count="13" type="stmt"/>
        <line num="19" count="13" type="stmt"/>
        <line num="22" count="13" type="stmt"/>
        <line num="23" count="13" type="stmt"/>
        <line num="24" count="34" type="stmt"/>
        <line num="25" count="34" type="cond" truecount="2" falsecount="0"/>
        <line num="26" count="5" type="stmt"/>
      </file>
    </package>
    <package name="server">
      <metrics statements="35" coveredstatements="4" conditionals="17" coveredconditionals="0" methods="10" coveredmethods="0"/>
      <file name="audit-log.ts" path="/home/beznet/Workspace/edapex/src/lib/server/audit-log.ts">
        <metrics statements="35" coveredstatements="4" conditionals="17" coveredconditionals="0" methods="10" coveredmethods="0"/>
        <line num="5" count="7" type="stmt"/>
        <line num="17" count="7" type="stmt"/>
        <line num="39" count="7" type="stmt"/>
        <line num="41" count="7" type="stmt"/>
        <line num="54" count="0" type="stmt"/>
        <line num="55" count="0" type="stmt"/>
        <line num="59" count="0" type="cond" truecount="0" falsecount="3"/>
        <line num="63" count="0" type="cond" truecount="0" falsecount="2"/>
        <line num="64" count="0" type="stmt"/>
        <line num="65" count="0" type="stmt"/>
        <line num="66" count="0" type="cond" truecount="0" falsecount="2"/>
        <line num="68" count="0" type="stmt"/>
        <line num="70" count="0" type="cond" truecount="0" falsecount="2"/>
        <line num="71" count="0" type="stmt"/>
        <line num="73" count="0" type="stmt"/>
        <line num="77" count="0" type="stmt"/>
        <line num="81" count="0" type="stmt"/>
        <line num="85" count="0" type="stmt"/>
        <line num="89" count="0" type="stmt"/>
        <line num="90" count="0" type="stmt"/>
        <line num="99" count="0" type="stmt"/>
        <line num="100" count="0" type="stmt"/>
        <line num="104" count="0" type="stmt"/>
        <line num="106" count="0" type="stmt"/>
        <line num="107" count="0" type="stmt"/>
        <line num="109" count="0" type="cond" truecount="0" falsecount="5"/>
        <line num="110" count="0" type="stmt"/>
        <line num="112" count="0" type="stmt"/>
        <line num="114" count="0" type="stmt"/>
        <line num="115" count="0" type="stmt"/>
        <line num="116" count="0" type="stmt"/>
        <line num="117" count="0" type="stmt"/>
        <line num="118" count="0" type="cond" truecount="0" falsecount="2"/>
        <line num="119" count="0" type="stmt"/>
        <line num="122" count="0" type="stmt"/>
      </file>
    </package>
    <package name="server.mastra.provider">
      <metrics statements="763" coveredstatements="664" conditionals="626" coveredconditionals="480" methods="132" coveredmethods="112"/>
      <file name="admin-model-overrides.ts" path="/home/beznet/Workspace/edapex/src/lib/server/mastra/provider/admin-model-overrides.ts">
        <metrics statements="25" coveredstatements="24" conditionals="20" coveredconditionals="18" methods="10" coveredmethods="9"/>
        <line num="25" count="5" type="stmt"/>
        <line num="28" count="14" type="stmt"/>
        <line num="29" count="14" type="stmt"/>
        <line num="30" count="14" type="stmt"/>
        <line num="45" count="9" type="stmt"/>
        <line num="49" count="9" type="stmt"/>
        <line num="70" count="14" type="stmt"/>
        <line num="71" count="14" type="stmt"/>
        <line num="84" count="14" type="cond" truecount="2" falsecount="0"/>
        <line num="85" count="2" type="cond" truecount="4" falsecount="0"/>
        <line num="86" count="1" type="stmt"/>
        <line num="91" count="2" type="cond" truecount="2" falsecount="0"/>
        <line num="93" count="12" type="stmt"/>
        <line num="103" count="12" type="cond" truecount="1" falsecount="1"/>
        <line num="113" count="2" type="stmt"/>
        <line num="124" count="2" type="stmt"/>
        <line num="136" count="1" type="stmt"/>
        <line num="137" count="1" type="stmt"/>
        <line num="138" count="2" type="cond" truecount="2" falsecount="0"/>
        <line num="139" count="1" type="stmt"/>
        <line num="141" count="1" type="stmt"/>
        <line num="144" count="1" type="stmt"/>
        <line num="145" count="3" type="cond" truecount="2" falsecount="0"/>
        <line num="146" count="1" type="cond" truecount="1" falsecount="1"/>
        <line num="147" count="0" type="stmt"/>
      </file>
      <file name="availability.ts" path="/home/beznet/Workspace/edapex/src/lib/server/mastra/provider/availability.ts">
        <metrics statements="38" coveredstatements="38" conditionals="25" coveredconditionals="18" methods="6" coveredmethods="6"/>
        <line num="26" count="50" type="stmt"/>
        <line num="35" count="6" type="stmt"/>
        <line num="40" count="6" type="stmt"/>
        <line num="41" count="6" type="stmt"/>
        <line num="43" count="6" type="stmt"/>
        <line num="44" count="6" type="stmt"/>
        <line num="45" count="6" type="stmt"/>
        <line num="47" count="6" type="stmt"/>
        <line num="48" count="5" type="cond" truecount="2" falsecount="0"/>
        <line num="49" count="4" type="stmt"/>
        <line num="51" count="4" type="stmt"/>
        <line num="52" count="4" type="cond" truecount="2" falsecount="0"/>
        <line num="54" count="5" type="stmt"/>
        <line num="55" count="13" type="cond" truecount="1" falsecount="1"/>
        <line num="56" count="13" type="cond" truecount="1" falsecount="1"/>
        <line num="57" count="13" type="stmt"/>
        <line num="58" count="13" type="stmt"/>
        <line num="59" count="13" type="stmt"/>
        <line num="63" count="6" type="stmt"/>
        <line num="64" count="24" type="cond" truecount="2" falsecount="0"/>
        <line num="65" count="20" type="stmt"/>
        <line num="66" count="20" type="cond" truecount="2" falsecount="0"/>
        <line num="67" count="2" type="stmt"/>
        <line num="68" count="32" type="cond" truecount="2" falsecount="0"/>
        <line num="69" count="8" type="cond" truecount="1" falsecount="1"/>
        <line num="70" count="8" type="cond" truecount="1" falsecount="1"/>
        <line num="71" count="8" type="stmt"/>
        <line num="72" count="8" type="stmt"/>
        <line num="76" count="6" type="stmt"/>
        <line num="77" count="25" type="cond" truecount="1" falsecount="1"/>
        <line num="78" count="25" type="cond" truecount="1" falsecount="1"/>
        <line num="79" count="25" type="cond" truecount="1" falsecount="1"/>
        <line num="80" count="25" type="stmt"/>
        <line num="83" count="6" type="stmt"/>
        <line num="84" count="21" type="stmt"/>
        <line num="87" count="17" type="stmt"/>
        <line num="88" count="21" type="stmt"/>
        <line num="91" count="3" type="stmt"/>
      </file>
      <file name="cache.ts" path="/home/beznet/Workspace/edapex/src/lib/server/mastra/provider/cache.ts">
        <metrics statements="43" coveredstatements="43" conditionals="18" coveredconditionals="15" methods="12" coveredmethods="12"/>
        <line num="27" count="7" type="stmt"/>
        <line num="30" count="12" type="stmt"/>
        <line num="35" count="12" type="stmt"/>
        <line num="39" count="81" type="stmt"/>
        <line num="43" count="14" type="stmt"/>
        <line num="47" count="5" type="stmt"/>
        <line num="51" count="5" type="stmt"/>
        <line num="60" count="49" type="stmt"/>
        <line num="61" count="49" type="cond" truecount="2" falsecount="0"/>
        <line num="62" count="36" type="stmt"/>
        <line num="64" count="13" type="stmt"/>
        <line num="65" count="13" type="stmt"/>
        <line num="66" count="13" type="cond" truecount="2" falsecount="0"/>
        <line num="67" count="9" type="stmt"/>
        <line num="68" count="9" type="stmt"/>
        <line num="69" count="9" type="stmt"/>
        <line num="76" count="11" type="stmt"/>
        <line num="77" count="11" type="cond" truecount="2" falsecount="0"/>
        <line num="78" count="7" type="stmt"/>
        <line num="80" count="4" type="stmt"/>
        <line num="81" count="4" type="stmt"/>
        <line num="82" count="4" type="cond" truecount="2" falsecount="0"/>
        <line num="83" count="3" type="stmt"/>
        <line num="84" count="3" type="stmt"/>
        <line num="85" count="3" type="stmt"/>
        <line num="92" count="17" type="stmt"/>
        <line num="93" count="17" type="cond" truecount="2" falsecount="0"/>
        <line num="94" count="13" type="stmt"/>
        <line num="96" count="4" type="stmt"/>
        <line num="97" count="4" type="stmt"/>
        <line num="98" count="4" type="cond" truecount="2" falsecount="0"/>
        <line num="99" count="3" type="stmt"/>
        <line num="100" count="3" type="stmt"/>
        <line num="101" count="3" type="stmt"/>
        <line num="109" count="1" type="stmt"/>
        <line num="110" count="1" type="cond" truecount="1" falsecount="1"/>
        <line num="111" count="1" type="stmt"/>
        <line num="115" count="1" type="stmt"/>
        <line num="116" count="1" type="cond" truecount="1" falsecount="1"/>
        <line num="117" count="1" type="stmt"/>
        <line num="121" count="1" type="stmt"/>
        <line num="122" count="1" type="cond" truecount="1" falsecount="1"/>
        <line num="123" count="1" type="stmt"/>
      </file>
      <file name="credentials.ts" path="/home/beznet/Workspace/edapex/src/lib/server/mastra/provider/credentials.ts">
        <metrics statements="129" coveredstatements="121" conditionals="125" coveredconditionals="106" methods="14" coveredmethods="14"/>
        <line num="42" count="11" type="stmt"/>
        <line num="63" count="25" type="stmt"/>
        <line num="64" count="25" type="stmt"/>
        <line num="65" count="25" type="stmt"/>
        <line num="67" count="25" type="stmt"/>
        <line num="69" count="25" type="cond" truecount="2" falsecount="0"/>
        <line num="70" count="20" type="cond" truecount="2" falsecount="0"/>
        <line num="71" count="18" type="stmt"/>
        <line num="72" count="2" type="cond" truecount="2" falsecount="0"/>
        <line num="73" count="1" type="stmt"/>
        <line num="75" count="1" type="stmt"/>
        <line num="77" count="5" type="cond" truecount="2" falsecount="0"/>
        <line num="78" count="3" type="cond" truecount="2" falsecount="0"/>
        <line num="79" count="3" type="stmt"/>
        <line num="86" count="3" type="stmt"/>
        <line num="89" count="24" type="stmt"/>
        <line num="90" count="24" type="cond" truecount="3" falsecount="0"/>
        <line num="91" count="25" type="cond" truecount="6" falsecount="0"/>
        <line num="93" count="25" type="stmt"/>
        <line num="107" count="25" type="stmt"/>
        <line num="121" count="24" type="cond" truecount="2" falsecount="0"/>
        <line num="122" count="2" type="stmt"/>
        <line num="148" count="24" type="stmt"/>
        <line num="149" count="5" type="stmt"/>
        <line num="152" count="24" type="stmt"/>
        <line num="160" count="24" type="stmt"/>
        <line num="161" count="10" type="stmt"/>
        <line num="162" count="5" type="cond" truecount="1" falsecount="1"/>
        <line num="163" count="0" type="stmt"/>
        <line num="176" count="17" type="cond" truecount="2" falsecount="0"/>
        <line num="177" count="15" type="stmt"/>
        <line num="178" count="15" type="stmt"/>
        <line num="179" count="15" type="stmt"/>
        <line num="181" count="1" type="stmt"/>
        <line num="194" count="14" type="stmt"/>
        <line num="207" count="2" type="cond" truecount="4" falsecount="0"/>
        <line num="208" count="1" type="stmt"/>
        <line num="210" count="1" type="stmt"/>
        <line num="211" count="1" type="cond" truecount="1" falsecount="1"/>
        <line num="220" count="75" type="stmt"/>
        <line num="225" count="75" type="cond" truecount="2" falsecount="0"/>
        <line num="228" count="11" type="stmt"/>
        <line num="252" count="3" type="stmt"/>
        <line num="257" count="3" type="stmt"/>
        <line num="258" count="3" type="stmt"/>
        <line num="259" count="3" type="stmt"/>
        <line num="261" count="3" type="stmt"/>
        <line num="262" count="2" type="cond" truecount="2" falsecount="0"/>
        <line num="263" count="1" type="cond" truecount="2" falsecount="2"/>
        <line num="264" count="2" type="stmt"/>
        <line num="265" count="2" type="stmt"/>
        <line num="268" count="3" type="stmt"/>
        <line num="274" count="3" type="stmt"/>
        <line num="275" count="12" type="cond" truecount="2" falsecount="0"/>
        <line num="276" count="4" type="cond" truecount="2" falsecount="0"/>
        <line num="277" count="3" type="cond" truecount="2" falsecount="0"/>
        <line num="278" count="1" type="stmt"/>
        <line num="293" count="1" type="stmt"/>
        <line num="296" count="3" type="stmt"/>
        <line num="300" count="6" type="stmt"/>
        <line num="301" count="6" type="stmt"/>
        <line num="302" count="6" type="stmt"/>
        <line num="303" count="6" type="cond" truecount="1" falsecount="1"/>
        <line num="304" count="0" type="stmt"/>
        <line num="306" count="0" type="stmt"/>
        <line num="316" count="2" type="stmt"/>
        <line num="317" count="2" type="stmt"/>
        <line num="320" count="2" type="cond" truecount="4" falsecount="0"/>
        <line num="321" count="1" type="stmt"/>
        <line num="344" count="2" type="stmt"/>
        <line num="345" count="2" type="stmt"/>
        <line num="349" count="2" type="cond" truecount="3" falsecount="1"/>
        <line num="350" count="2" type="stmt"/>
        <line num="385" count="3" type="stmt"/>
        <line num="386" count="3" type="cond" truecount="2" falsecount="0"/>
        <line num="387" count="1" type="stmt"/>
        <line num="389" count="2" type="cond" truecount="2" falsecount="0"/>
        <line num="390" count="1" type="stmt"/>
        <line num="393" count="1" type="stmt"/>
        <line num="394" count="1" type="stmt"/>
        <line num="395" count="1" type="stmt"/>
        <line num="399" count="1" type="stmt"/>
        <line num="400" count="1" type="cond" truecount="1" falsecount="1"/>
        <line num="401" count="0" type="stmt"/>
        <line num="404" count="1" type="stmt"/>
        <line num="405" count="1" type="stmt"/>
        <line num="411" count="1" type="stmt"/>
        <line num="416" count="1" type="cond" truecount="1" falsecount="1"/>
        <line num="417" count="1" type="stmt"/>
        <line num="428" count="1" type="stmt"/>
        <line num="456" count="5" type="stmt"/>
        <line num="457" count="5" type="cond" truecount="2" falsecount="0"/>
        <line num="458" count="1" type="stmt"/>
        <line num="460" count="4" type="cond" truecount="2" falsecount="0"/>
        <line num="461" count="1" type="stmt"/>
        <line num="464" count="3" type="stmt"/>
        <line num="466" count="3" type="stmt"/>
        <line num="468" count="3" type="stmt"/>
        <line num="469" count="3" type="stmt"/>
        <line num="471" count="3" type="cond" truecount="1" falsecount="1"/>
        <line num="474" count="3" type="cond" truecount="1" falsecount="1"/>
        <line num="475" count="3" type="cond" truecount="2" falsecount="0"/>
        <line num="476" count="3" type="stmt"/>
        <line num="477" count="3" type="stmt"/>
        <line num="478" count="3" type="stmt"/>
        <line num="480" count="1" type="cond" truecount="1" falsecount="1"/>
        <line num="481" count="1" type="stmt"/>
        <line num="485" count="0" type="stmt"/>
        <line num="489" count="2" type="cond" truecount="1" falsecount="1"/>
        <line num="490" count="0" type="stmt"/>
        <line num="493" count="2" type="stmt"/>
        <line num="495" count="2" type="stmt"/>
        <line num="496" count="2" type="cond" truecount="1" falsecount="1"/>
        <line num="497" count="0" type="stmt"/>
        <line num="500" count="2" type="stmt"/>
        <line num="501" count="2" type="stmt"/>
        <line num="507" count="2" type="stmt"/>
        <line num="512" count="2" type="cond" truecount="2" falsecount="0"/>
        <line num="513" count="1" type="stmt"/>
        <line num="524" count="2" type="stmt"/>
        <line num="532" count="9" type="stmt"/>
        <line num="533" count="9" type="cond" truecount="4" falsecount="0"/>
        <line num="534" count="5" type="stmt"/>
        <line num="536" count="4" type="cond" truecount="2" falsecount="0"/>
        <line num="537" count="3" type="cond" truecount="2" falsecount="0"/>
        <line num="538" count="3" type="cond" truecount="2" falsecount="0"/>
        <line num="540" count="1" type="cond" truecount="2" falsecount="2"/>
        <line num="541" count="0" type="stmt"/>
        <line num="543" count="1" type="stmt"/>
      </file>
      <file name="crypto.ts" path="/home/beznet/Workspace/edapex/src/lib/server/mastra/provider/crypto.ts">
        <metrics statements="34" coveredstatements="33" conditionals="24" coveredconditionals="21" methods="5" coveredmethods="5"/>
        <line num="7" count="12" type="stmt"/>
        <line num="10" count="117" type="stmt"/>
        <line num="13" count="12" type="stmt"/>
        <line num="22" count="66" type="cond" truecount="2" falsecount="0"/>
        <line num="23" count="66" type="cond" truecount="2" falsecount="0"/>
        <line num="24" count="5" type="cond" truecount="2" falsecount="0"/>
        <line num="25" count="66" type="cond" truecount="1" falsecount="1"/>
        <line num="26" count="0" type="stmt"/>
        <line num="28" count="5" type="stmt"/>
        <line num="32" count="70" type="stmt"/>
        <line num="33" count="70" type="stmt"/>
        <line num="34" count="70" type="stmt"/>
        <line num="35" count="70" type="stmt"/>
        <line num="36" count="70" type="stmt"/>
        <line num="50" count="59" type="stmt"/>
        <line num="51" count="59" type="cond" truecount="2" falsecount="0"/>
        <line num="52" count="6" type="stmt"/>
        <line num="56" count="53" type="stmt"/>
        <line num="57" count="53" type="cond" truecount="4" falsecount="0"/>
        <line num="58" count="3" type="stmt"/>
        <line num="60" count="50" type="cond" truecount="4" falsecount="0"/>
        <line num="61" count="2" type="stmt"/>
        <line num="63" count="48" type="stmt"/>
        <line num="64" count="48" type="cond" truecount="2" falsecount="0"/>
        <line num="65" count="1" type="stmt"/>
        <line num="69" count="47" type="stmt"/>
        <line num="70" count="47" type="stmt"/>
        <line num="71" count="47" type="stmt"/>
        <line num="72" count="47" type="stmt"/>
        <line num="73" count="47" type="stmt"/>
        <line num="75" count="7" type="stmt"/>
        <line num="84" count="1" type="cond" truecount="1" falsecount="1"/>
        <line num="85" count="1" type="cond" truecount="1" falsecount="1"/>
        <line num="86" count="1" type="stmt"/>
      </file>
      <file name="discovery.ts" path="/home/beznet/Workspace/edapex/src/lib/server/mastra/provider/discovery.ts">
        <metrics statements="123" coveredstatements="116" conditionals="92" coveredconditionals="73" methods="17" coveredmethods="17"/>
        <line num="20" count="6" type="stmt"/>
        <line num="21" count="6" type="stmt"/>
        <line num="22" count="6" type="stmt"/>
        <line num="23" count="6" type="stmt"/>
        <line num="33" count="15" type="stmt"/>
        <line num="37" count="15" type="stmt"/>
        <line num="38" count="15" type="stmt"/>
        <line num="46" count="14" type="stmt"/>
        <line num="47" count="29" type="stmt"/>
        <line num="48" count="29" type="stmt"/>
        <line num="50" count="22" type="stmt"/>
        <line num="51" count="22" type="stmt"/>
        <line num="52" count="22" type="cond" truecount="2" falsecount="0"/>
        <line num="53" count="16" type="cond" truecount="4" falsecount="0"/>
        <line num="54" count="15" type="stmt"/>
        <line num="55" count="15" type="stmt"/>
        <line num="58" count="7" type="stmt"/>
        <line num="60" count="6" type="stmt"/>
        <line num="66" count="6" type="stmt"/>
        <line num="73" count="6" type="stmt"/>
        <line num="79" count="6" type="stmt"/>
        <line num="85" count="6" type="stmt"/>
        <line num="92" count="6" type="stmt"/>
        <line num="107" count="5" type="stmt"/>
        <line num="108" count="5" type="cond" truecount="3" falsecount="3"/>
        <line num="110" count="3" type="stmt"/>
        <line num="112" count="1" type="stmt"/>
        <line num="114" count="1" type="stmt"/>
        <line num="116" count="0" type="stmt"/>
        <line num="118" count="0" type="stmt"/>
        <line num="120" count="0" type="stmt"/>
        <line num="125" count="8" type="cond" truecount="4" falsecount="0"/>
        <line num="126" count="4" type="stmt"/>
        <line num="130" count="4" type="cond" truecount="2" falsecount="0"/>
        <line num="131" count="2" type="cond" truecount="2" falsecount="0"/>
        <line num="132" count="1" type="stmt"/>
        <line num="134" count="1" type="cond" truecount="1" falsecount="1"/>
        <line num="135" count="4" type="cond" truecount="1" falsecount="1"/>
        <line num="136" count="4" type="stmt"/>
        <line num="144" count="4" type="cond" truecount="1" falsecount="1"/>
        <line num="145" count="4" type="cond" truecount="2" falsecount="0"/>
        <line num="146" count="4" type="cond" truecount="2" falsecount="0"/>
        <line num="147" count="4" type="cond" truecount="2" falsecount="0"/>
        <line num="148" count="4" type="cond" truecount="2" falsecount="0"/>
        <line num="150" count="4" type="cond" truecount="2" falsecount="0"/>
        <line num="151" count="4" type="cond" truecount="2" falsecount="0"/>
        <line num="153" count="4" type="stmt"/>
        <line num="177" count="4" type="stmt"/>
        <line num="178" count="4" type="cond" truecount="1" falsecount="1"/>
        <line num="182" count="5" type="cond" truecount="3" falsecount="1"/>
        <line num="183" count="5" type="stmt"/>
        <line num="184" count="5" type="cond" truecount="1" falsecount="1"/>
        <line num="185" count="5" type="stmt"/>
        <line num="186" count="5" type="stmt"/>
        <line num="187" count="5" type="stmt"/>
        <line num="188" count="5" type="cond" truecount="2" falsecount="0"/>
        <line num="190" count="5" type="stmt"/>
        <line num="197" count="22" type="stmt"/>
        <line num="198" count="22" type="cond" truecount="2" falsecount="0"/>
        <line num="200" count="22" type="stmt"/>
        <line num="206" count="13" type="cond" truecount="2" falsecount="0"/>
        <line num="207" count="5" type="stmt"/>
        <line num="211" count="8" type="stmt"/>
        <line num="212" count="8" type="stmt"/>
        <line num="214" count="3" type="stmt"/>
        <line num="217" count="5" type="stmt"/>
        <line num="224" count="10" type="stmt"/>
        <line num="225" count="22" type="stmt"/>
        <line num="232" count="5" type="stmt"/>
        <line num="236" count="5" type="stmt"/>
        <line num="244" count="22" type="stmt"/>
        <line num="245" count="22" type="cond" truecount="2" falsecount="0"/>
        <line num="246" count="19" type="cond" truecount="2" falsecount="0"/>
        <line num="247" count="18" type="cond" truecount="2" falsecount="0"/>
        <line num="248" count="12" type="cond" truecount="2" falsecount="0"/>
        <line num="250" count="11" type="stmt"/>
        <line num="251" count="11" type="cond" truecount="4" falsecount="0"/>
        <line num="253" count="10" type="stmt"/>
        <line num="254" count="10" type="stmt"/>
        <line num="257" count="10" type="stmt"/>
        <line num="258" count="10" type="stmt"/>
        <line num="260" count="0" type="stmt"/>
        <line num="264" count="0" type="stmt"/>
        <line num="267" count="10" type="stmt"/>
        <line num="268" count="10" type="stmt"/>
        <line num="269" count="4" type="stmt"/>
        <line num="270" count="4" type="cond" truecount="1" falsecount="1"/>
        <line num="271" count="4" type="cond" truecount="1" falsecount="1"/>
        <line num="272" count="4" type="stmt"/>
        <line num="274" count="10" type="stmt"/>
        <line num="284" count="1" type="stmt"/>
        <line num="285" count="1" type="stmt"/>
        <line num="286" count="1" type="stmt"/>
        <line num="295" count="6" type="stmt"/>
        <line num="303" count="4" type="stmt"/>
        <line num="309" count="4" type="stmt"/>
        <line num="310" count="4" type="cond" truecount="2" falsecount="0"/>
        <line num="312" count="3" type="stmt"/>
        <line num="314" count="3" type="stmt"/>
        <line num="315" count="3" type="stmt"/>
        <line num="317" count="1" type="cond" truecount="1" falsecount="1"/>
        <line num="318" count="0" type="stmt"/>
        <line num="323" count="1" type="stmt"/>
        <line num="325" count="2" type="cond" truecount="1" falsecount="1"/>
        <line num="327" count="2" type="stmt"/>
        <line num="328" count="2" type="stmt"/>
        <line num="329" count="2" type="cond" truecount="1" falsecount="1"/>
        <line num="331" count="1" type="stmt"/>
        <line num="335" count="1" type="stmt"/>
        <line num="355" count="1" type="stmt"/>
        <line num="356" count="1" type="stmt"/>
        <line num="358" count="1" type="stmt"/>
        <line num="363" count="1" type="stmt"/>
        <line num="364" count="1" type="stmt"/>
        <line num="365" count="1" type="cond" truecount="1" falsecount="1"/>
        <line num="366" count="1" type="stmt"/>
        <line num="367" count="1" type="stmt"/>
        <line num="368" count="1" type="stmt"/>
        <line num="369" count="1" type="cond" truecount="1" falsecount="1"/>
        <line num="370" count="1" type="stmt"/>
        <line num="371" count="1" type="stmt"/>
        <line num="374" count="0" type="stmt"/>
        <line num="380" count="1" type="stmt"/>
      </file>
      <file name="dynamic-headers.ts" path="/home/beznet/Workspace/edapex/src/lib/server/mastra/provider/dynamic-headers.ts">
        <metrics statements="23" coveredstatements="23" conditionals="16" coveredconditionals="16" methods="4" coveredmethods="4"/>
        <line num="38" count="4" type="stmt"/>
        <line num="43" count="4" type="stmt"/>
        <line num="47" count="7" type="stmt"/>
        <line num="63" count="7" type="stmt"/>
        <line num="64" count="7" type="cond" truecount="2" falsecount="0"/>
        <line num="66" count="6" type="stmt"/>
        <line num="67" count="6" type="cond" truecount="4" falsecount="0"/>
        <line num="68" count="1" type="stmt"/>
        <line num="71" count="5" type="stmt"/>
        <line num="72" count="5" type="stmt"/>
        <line num="75" count="4" type="cond" truecount="2" falsecount="0"/>
        <line num="76" count="3" type="stmt"/>
        <line num="77" count="3" type="cond" truecount="4" falsecount="0"/>
        <line num="78" count="2" type="stmt"/>
        <line num="79" count="2" type="stmt"/>
        <line num="86" count="3" type="stmt"/>
        <line num="99" count="7" type="stmt"/>
        <line num="100" count="7" type="cond" truecount="2" falsecount="0"/>
        <line num="101" count="7" type="stmt"/>
        <line num="106" count="4" type="stmt"/>
        <line num="119" count="21" type="stmt"/>
        <line num="120" count="21" type="cond" truecount="2" falsecount="0"/>
        <line num="121" count="7" type="stmt"/>
      </file>
      <file name="errors.ts" path="/home/beznet/Workspace/edapex/src/lib/server/mastra/provider/errors.ts">
        <metrics statements="0" coveredstatements="0" conditionals="0" coveredconditionals="0" methods="0" coveredmethods="0"/>
      </file>
      <file name="index.ts" path="/home/beznet/Workspace/edapex/src/lib/server/mastra/provider/index.ts">
        <metrics statements="0" coveredstatements="0" conditionals="0" coveredconditionals="0" methods="0" coveredmethods="0"/>
      </file>
      <file name="potluck.ts" path="/home/beznet/Workspace/edapex/src/lib/server/mastra/provider/potluck.ts">
        <metrics statements="37" coveredstatements="37" conditionals="29" coveredconditionals="23" methods="10" coveredmethods="10"/>
        <line num="30" count="39" type="stmt"/>
        <line num="35" count="39" type="cond" truecount="2" falsecount="0"/>
        <line num="49" count="13" type="stmt"/>
        <line num="50" count="13" type="stmt"/>
        <line num="51" count="13" type="stmt"/>
        <line num="54" count="13" type="stmt"/>
        <line num="62" count="13" type="stmt"/>
        <line num="63" count="13" type="cond" truecount="2" falsecount="0"/>
        <line num="64" count="1" type="stmt"/>
        <line num="92" count="13" type="stmt"/>
        <line num="102" count="2" type="stmt"/>
        <line num="113" count="2" type="stmt"/>
        <line num="121" count="6" type="stmt"/>
        <line num="132" count="6" type="cond" truecount="2" falsecount="0"/>
        <line num="135" count="7" type="stmt"/>
        <line num="154" count="14" type="stmt"/>
        <line num="162" count="14" type="stmt"/>
        <line num="173" count="14" type="stmt"/>
        <line num="174" count="14" type="cond" truecount="1" falsecount="1"/>
        <line num="175" count="14" type="stmt"/>
        <line num="178" count="14" type="stmt"/>
        <line num="203" count="14" type="stmt"/>
        <line num="214" count="14" type="stmt"/>
        <line num="215" count="14" type="cond" truecount="2" falsecount="0"/>
        <line num="216" count="1" type="stmt"/>
        <line num="233" count="14" type="stmt"/>
        <line num="241" count="3" type="stmt"/>
        <line num="246" count="3" type="stmt"/>
        <line num="247" count="3" type="stmt"/>
        <line num="251" count="3" type="cond" truecount="4" falsecount="0"/>
        <line num="252" count="1" type="stmt"/>
        <line num="267" count="19" type="cond" truecount="2" falsecount="0"/>
        <line num="268" count="17" type="stmt"/>
        <line num="269" count="17" type="stmt"/>
        <line num="270" count="17" type="cond" truecount="1" falsecount="1"/>
        <line num="272" count="1" type="stmt"/>
        <line num="277" count="5" type="stmt"/>
      </file>
      <file name="rate-limit.ts" path="/home/beznet/Workspace/edapex/src/lib/server/mastra/provider/rate-limit.ts">
        <metrics statements="82" coveredstatements="5" conditionals="68" coveredconditionals="3" methods="20" coveredmethods="1"/>
        <line num="33" count="3" type="stmt"/>
        <line num="58" count="3" type="stmt"/>
        <line num="61" count="0" type="stmt"/>
        <line num="66" count="0" type="cond" truecount="0" falsecount="3"/>
        <line num="67" count="0" type="cond" truecount="0" falsecount="2"/>
        <line num="68" count="0" type="stmt"/>
        <line num="77" count="0" type="stmt"/>
        <line num="84" count="0" type="cond" truecount="0" falsecount="4"/>
        <line num="88" count="0" type="cond" truecount="0" falsecount="2"/>
        <line num="89" count="0" type="stmt"/>
        <line num="90" count="0" type="cond" truecount="0" falsecount="2"/>
        <line num="91" count="0" type="stmt"/>
        <line num="102" count="0" type="stmt"/>
        <line num="103" count="0" type="stmt"/>
        <line num="104" count="0" type="cond" truecount="0" falsecount="2"/>
        <line num="105" count="0" type="cond" truecount="0" falsecount="2"/>
        <line num="106" count="0" type="stmt"/>
        <line num="107" count="0" type="stmt"/>
        <line num="109" count="0" type="stmt"/>
        <line num="114" count="0" type="stmt"/>
        <line num="116" count="0" type="stmt"/>
        <line num="127" count="0" type="cond" truecount="0" falsecount="2"/>
        <line num="128" count="0" type="stmt"/>
        <line num="129" count="0" type="cond" truecount="0" falsecount="2"/>
        <line num="130" count="0" type="cond" truecount="0" falsecount="2"/>
        <line num="131" count="0" type="stmt"/>
        <line num="133" count="0" type="cond" truecount="0" falsecount="2"/>
        <line num="134" count="0" type="stmt"/>
        <line num="157" count="13" type="cond" truecount="3" falsecount="1"/>
        <line num="159" count="13" type="stmt"/>
        <line num="160" count="0" type="stmt"/>
        <line num="161" count="0" type="cond" truecount="0" falsecount="2"/>
        <line num="162" count="0" type="stmt"/>
        <line num="167" count="0" type="cond" truecount="0" falsecount="2"/>
        <line num="168" count="0" type="stmt"/>
        <line num="169" count="0" type="stmt"/>
        <line num="170" count="0" type="stmt"/>
        <line num="171" count="0" type="stmt"/>
        <line num="177" count="0" type="stmt"/>
        <line num="186" count="0" type="stmt"/>
        <line num="190" count="0" type="stmt"/>
        <line num="194" count="0" type="cond" truecount="0" falsecount="4"/>
        <line num="195" count="0" type="stmt"/>
        <line num="196" count="0" type="stmt"/>
        <line num="198" count="0" type="cond" truecount="0" falsecount="2"/>
        <line num="199" count="0" type="stmt"/>
        <line num="200" count="0" type="stmt"/>
        <line num="201" count="0" type="cond" truecount="0" falsecount="2"/>
        <line num="203" count="0" type="stmt"/>
        <line num="205" count="0" type="stmt"/>
        <line num="209" count="0" type="stmt"/>
        <line num="213" count="0" type="stmt"/>
        <line num="214" count="0" type="cond" truecount="0" falsecount="2"/>
        <line num="223" count="0" type="stmt"/>
        <line num="232" count="0" type="stmt"/>
        <line num="233" count="0" type="cond" truecount="0" falsecount="2"/>
        <line num="234" count="0" type="stmt"/>
        <line num="235" count="0" type="stmt"/>
        <line num="241" count="0" type="cond" truecount="0" falsecount="2"/>
        <line num="242" count="0" type="stmt"/>
        <line num="244" count="0" type="stmt"/>
        <line num="252" count="0" type="stmt"/>
        <line num="266" count="0" type="stmt"/>
        <line num="267" count="0" type="cond" truecount="0" falsecount="2"/>
        <line num="268" count="0" type="stmt"/>
        <line num="269" count="0" type="cond" truecount="0" falsecount="2"/>
        <line num="270" count="0" type="stmt"/>
        <line num="271" count="0" type="cond" truecount="0" falsecount="2"/>
        <line num="272" count="0" type="stmt"/>
        <line num="273" count="0" type="stmt"/>
        <line num="298" count="0" type="stmt"/>
        <line num="302" count="0" type="stmt"/>
        <line num="303" count="0" type="stmt"/>
        <line num="304" count="0" type="stmt"/>
        <line num="305" count="0" type="cond" truecount="0" falsecount="2"/>
        <line num="306" count="0" type="cond" truecount="0" falsecount="2"/>
        <line num="311" count="0" type="stmt"/>
        <line num="314" count="0" type="stmt"/>
        <line num="348" count="13" type="stmt"/>
        <line num="350" count="0" type="stmt"/>
        <line num="351" count="0" type="stmt"/>
        <line num="353" count="0" type="stmt"/>
      </file>
      <file name="resolver.ts" path="/home/beznet/Workspace/edapex/src/lib/server/mastra/provider/resolver.ts">
        <metrics statements="73" coveredstatements="72" conditionals="65" coveredconditionals="58" methods="12" coveredmethods="12"/>
        <line num="43" count="49" type="stmt"/>
        <line num="81" count="25" type="stmt"/>
        <line num="82" count="25" type="stmt"/>
        <line num="86" count="25" type="cond" truecount="2" falsecount="0"/>
        <line num="90" count="1" type="stmt"/>
        <line num="98" count="24" type="stmt"/>
        <line num="121" count="32" type="cond" truecount="2" falsecount="0"/>
        <line num="122" count="1" type="stmt"/>
        <line num="125" count="31" type="stmt"/>
        <line num="126" count="31" type="stmt"/>
        <line num="127" count="31" type="cond" truecount="2" falsecount="0"/>
        <line num="128" count="1" type="stmt"/>
        <line num="131" count="30" type="stmt"/>
        <line num="132" count="30" type="cond" truecount="2" falsecount="0"/>
        <line num="133" count="1" type="stmt"/>
        <line num="136" count="29" type="stmt"/>
        <line num="137" count="29" type="cond" truecount="2" falsecount="0"/>
        <line num="138" count="1" type="stmt"/>
        <line num="141" count="28" type="stmt"/>
        <line num="142" count="28" type="cond" truecount="2" falsecount="0"/>
        <line num="143" count="1" type="stmt"/>
        <line num="146" count="27" type="stmt"/>
        <line num="147" count="27" type="stmt"/>
        <line num="158" count="27" type="stmt"/>
        <line num="159" count="24" type="cond" truecount="2" falsecount="0"/>
        <line num="160" count="2" type="stmt"/>
        <line num="163" count="22" type="stmt"/>
        <line num="164" count="22" type="stmt"/>
        <line num="165" count="22" type="stmt"/>
        <line num="167" count="22" type="cond" truecount="2" falsecount="0"/>
        <line num="168" count="16" type="stmt"/>
        <line num="185" count="22" type="stmt"/>
        <line num="198" count="27" type="stmt"/>
        <line num="199" count="27" type="stmt"/>
        <line num="200" count="27" type="stmt"/>
        <line num="202" count="5" type="cond" truecount="2" falsecount="0"/>
        <line num="203" count="3" type="stmt"/>
        <line num="205" count="2" type="stmt"/>
        <line num="209" count="27" type="cond" truecount="4" falsecount="0"/>
        <line num="210" count="32" type="cond" truecount="2" falsecount="0"/>
        <line num="211" count="19" type="stmt"/>
        <line num="216" count="8" type="stmt"/>
        <line num="240" count="7" type="cond" truecount="2" falsecount="0"/>
        <line num="241" count="10" type="stmt"/>
        <line num="242" count="4" type="cond" truecount="3" falsecount="1"/>
        <line num="250" count="5" type="stmt"/>
        <line num="251" count="5" type="cond" truecount="1" falsecount="1"/>
        <line num="252" count="5" type="stmt"/>
        <line num="253" count="5" type="stmt"/>
        <line num="262" count="2" type="cond" truecount="1" falsecount="1"/>
        <line num="263" count="2" type="stmt"/>
        <line num="264" count="2" type="cond" truecount="1" falsecount="1"/>
        <line num="265" count="2" type="stmt"/>
        <line num="271" count="3" type="stmt"/>
        <line num="272" count="37" type="cond" truecount="2" falsecount="0"/>
        <line num="273" count="34" type="stmt"/>
        <line num="274" count="34" type="stmt"/>
        <line num="283" count="1" type="cond" truecount="1" falsecount="1"/>
        <line num="284" count="1" type="stmt"/>
        <line num="285" count="1" type="cond" truecount="1" falsecount="1"/>
        <line num="286" count="37" type="stmt"/>
        <line num="288" count="33" type="stmt"/>
        <line num="291" count="2" type="stmt"/>
        <line num="298" count="22" type="cond" truecount="2" falsecount="0"/>
        <line num="299" count="3" type="stmt"/>
        <line num="300" count="3" type="cond" truecount="5" falsecount="0"/>
        <line num="301" count="2" type="stmt"/>
        <line num="311" count="31" type="stmt"/>
        <line num="312" count="31" type="cond" truecount="2" falsecount="0"/>
        <line num="313" count="1" type="stmt"/>
        <line num="317" count="29" type="stmt"/>
        <line num="318" count="29" type="cond" truecount="1" falsecount="1"/>
        <line num="319" count="0" type="stmt"/>
      </file>
      <file name="sanitize-request.ts" path="/home/beznet/Workspace/edapex/src/lib/server/mastra/provider/sanitize-request.ts">
        <metrics statements="54" coveredstatements="53" conditionals="55" coveredconditionals="52" methods="7" coveredmethods="7"/>
        <line num="22" count="10" type="cond" truecount="2" falsecount="0"/>
        <line num="23" count="8" type="cond" truecount="4" falsecount="0"/>
        <line num="24" count="3" type="stmt"/>
        <line num="36" count="16" type="cond" truecount="5" falsecount="0"/>
        <line num="37" count="5" type="stmt"/>
        <line num="40" count="11" type="stmt"/>
        <line num="41" count="11" type="cond" truecount="2" falsecount="0"/>
        <line num="42" count="1" type="stmt"/>
        <line num="45" count="10" type="stmt"/>
        <line num="46" count="10" type="stmt"/>
        <line num="47" count="17" type="cond" truecount="4" falsecount="0"/>
        <line num="48" count="2" type="stmt"/>
        <line num="51" count="15" type="stmt"/>
        <line num="53" count="15" type="cond" truecount="2" falsecount="0"/>
        <line num="54" count="5" type="stmt"/>
        <line num="55" count="5" type="cond" truecount="2" falsecount="0"/>
        <line num="56" count="1" type="stmt"/>
        <line num="58" count="4" type="stmt"/>
        <line num="59" count="4" type="stmt"/>
        <line num="62" count="10" type="cond" truecount="2" falsecount="0"/>
        <line num="68" count="4" type="stmt"/>
        <line num="69" count="4" type="stmt"/>
        <line num="72" count="6" type="stmt"/>
        <line num="75" count="10" type="cond" truecount="2" falsecount="0"/>
        <line num="76" count="5" type="stmt"/>
        <line num="79" count="5" type="stmt"/>
        <line num="83" count="6" type="cond" truecount="1" falsecount="1"/>
        <line num="85" count="6" type="stmt"/>
        <line num="87" count="6" type="cond" truecount="2" falsecount="0"/>
        <line num="88" count="1" type="cond" truecount="1" falsecount="1"/>
        <line num="91" count="5" type="cond" truecount="2" falsecount="0"/>
        <line num="92" count="1" type="stmt"/>
        <line num="93" count="1" type="stmt"/>
        <line num="96" count="4" type="stmt"/>
        <line num="97" count="4" type="stmt"/>
        <line num="98" count="4" type="cond" truecount="3" falsecount="1"/>
        <line num="99" count="4" type="stmt"/>
        <line num="103" count="0" type="stmt"/>
        <line num="107" count="9" type="cond" truecount="2" falsecount="0"/>
        <line num="108" count="8" type="cond" truecount="4" falsecount="0"/>
        <line num="109" count="7" type="cond" truecount="2" falsecount="0"/>
        <line num="111" count="6" type="stmt"/>
        <line num="112" count="6" type="cond" truecount="2" falsecount="0"/>
        <line num="120" count="9" type="cond" truecount="2" falsecount="0"/>
        <line num="121" count="4" type="stmt"/>
        <line num="124" count="5" type="stmt"/>
        <line num="126" count="5" type="stmt"/>
        <line num="127" count="5" type="stmt"/>
        <line num="129" count="1" type="stmt"/>
        <line num="132" count="4" type="stmt"/>
        <line num="133" count="4" type="stmt"/>
        <line num="134" count="4" type="cond" truecount="2" falsecount="0"/>
        <line num="135" count="1" type="stmt"/>
        <line num="138" count="3" type="stmt"/>
      </file>
      <file name="spec.ts" path="/home/beznet/Workspace/edapex/src/lib/server/mastra/provider/spec.ts">
        <metrics statements="0" coveredstatements="0" conditionals="0" coveredconditionals="0" methods="0" coveredmethods="0"/>
      </file>
      <file name="tier-router.ts" path="/home/beznet/Workspace/edapex/src/lib/server/mastra/provider/tier-router.ts">
        <metrics statements="78" coveredstatements="75" conditionals="63" coveredconditionals="55" methods="7" coveredmethods="7"/>
        <line num="61" count="24" type="stmt"/>
        <line num="64" count="24" type="stmt"/>
        <line num="65" count="24" type="stmt"/>
        <line num="66" count="24" type="stmt"/>
        <line num="76" count="33" type="stmt"/>
        <line num="77" count="33" type="cond" truecount="2" falsecount="0"/>
        <line num="78" count="28" type="stmt"/>
        <line num="87" count="5" type="cond" truecount="2" falsecount="0"/>
        <line num="88" count="1" type="stmt"/>
        <line num="97" count="4" type="stmt"/>
        <line num="98" count="4" type="cond" truecount="1" falsecount="1"/>
        <line num="99" count="0" type="stmt"/>
        <line num="104" count="4" type="stmt"/>
        <line num="119" count="28" type="stmt"/>
        <line num="122" count="28" type="cond" truecount="2" falsecount="0"/>
        <line num="123" count="16" type="stmt"/>
        <line num="132" count="12" type="stmt"/>
        <line num="133" count="12" type="cond" truecount="4" falsecount="0"/>
        <line num="134" count="4" type="stmt"/>
        <line num="139" count="8" type="stmt"/>
        <line num="140" count="8" type="cond" truecount="5" falsecount="0"/>
        <line num="141" count="1" type="stmt"/>
        <line num="146" count="7" type="stmt"/>
        <line num="147" count="7" type="cond" truecount="2" falsecount="0"/>
        <line num="151" count="2" type="stmt"/>
        <line num="156" count="5" type="cond" truecount="2" falsecount="0"/>
        <line num="160" count="1" type="stmt"/>
        <line num="169" count="4" type="stmt"/>
        <line num="170" count="4" type="stmt"/>
        <line num="171" count="1" type="cond" truecount="2" falsecount="0"/>
        <line num="173" count="4" type="cond" truecount="2" falsecount="0"/>
        <line num="174" count="1" type="stmt"/>
        <line num="180" count="3" type="stmt"/>
        <line num="181" count="3" type="cond" truecount="1" falsecount="1"/>
        <line num="182" count="0" type="stmt"/>
        <line num="191" count="3" type="cond" truecount="4" falsecount="0"/>
        <line num="192" count="1" type="stmt"/>
        <line num="197" count="2" type="stmt"/>
        <line num="199" count="2" type="stmt"/>
        <line num="200" count="2" type="stmt"/>
        <line num="206" count="1" type="cond" truecount="1" falsecount="1"/>
        <line num="207" count="0" type="stmt"/>
        <line num="212" count="1" type="stmt"/>
        <line num="219" count="1" type="stmt"/>
        <line num="220" count="1" type="stmt"/>
        <line num="231" count="27" type="stmt"/>
        <line num="232" count="27" type="cond" truecount="1" falsecount="1"/>
        <line num="233" count="27" type="cond" truecount="2" falsecount="0"/>
        <line num="234" count="18" type="stmt"/>
        <line num="239" count="9" type="stmt"/>
        <line num="276" count="33" type="stmt"/>
        <line num="277" count="33" type="cond" truecount="1" falsecount="1"/>
        <line num="279" count="33" type="stmt"/>
        <line num="280" count="33" type="cond" truecount="2" falsecount="0"/>
        <line num="281" count="5" type="stmt"/>
        <line num="288" count="5" type="stmt"/>
        <line num="289" count="5" type="stmt"/>
        <line num="292" count="28" type="stmt"/>
        <line num="301" count="28" type="cond" truecount="2" falsecount="0"/>
        <line num="302" count="1" type="stmt"/>
        <line num="309" count="1" type="stmt"/>
        <line num="310" count="1" type="stmt"/>
        <line num="313" count="27" type="stmt"/>
        <line num="314" count="27" type="cond" truecount="2" falsecount="0"/>
        <line num="315" count="9" type="stmt"/>
        <line num="322" count="9" type="stmt"/>
        <line num="323" count="9" type="stmt"/>
        <line num="326" count="18" type="stmt"/>
        <line num="327" count="18" type="stmt"/>
        <line num="328" count="18" type="stmt"/>
        <line num="336" count="33" type="cond" truecount="2" falsecount="0"/>
        <line num="337" count="33" type="cond" truecount="2" falsecount="0"/>
        <line num="338" count="16" type="cond" truecount="1" falsecount="1"/>
        <line num="339" count="16" type="cond" truecount="2" falsecount="0"/>
        <line num="340" count="14" type="stmt"/>
        <line num="353" count="14" type="stmt"/>
        <line num="355" count="2" type="cond" truecount="1" falsecount="1"/>
        <line num="356" count="2" type="stmt"/>
      </file>
      <file name="trace.ts" path="/home/beznet/Workspace/edapex/src/lib/server/mastra/provider/trace.ts">
        <metrics statements="15" coveredstatements="15" conditionals="16" coveredconditionals="14" methods="5" coveredmethods="5"/>
        <line num="57" count="22" type="stmt"/>
        <line num="58" count="22" type="stmt"/>
        <line num="60" count="18" type="cond" truecount="4" falsecount="0"/>
        <line num="61" count="18" type="stmt"/>
        <line num="62" count="18" type="stmt"/>
        <line num="65" count="4" type="stmt"/>
        <line num="71" count="4" type="cond" truecount="3" falsecount="1"/>
        <line num="72" count="4" type="stmt"/>
        <line num="73" count="4" type="stmt"/>
        <line num="86" count="22" type="stmt"/>
        <line num="87" count="22" type="stmt"/>
        <line num="97" count="22" type="cond" truecount="4" falsecount="0"/>
        <line num="98" count="4" type="stmt"/>
        <line num="100" count="22" type="stmt"/>
        <line num="104" count="22" type="stmt"/>
      </file>
      <file name="types.ts" path="/home/beznet/Workspace/edapex/src/lib/server/mastra/provider/types.ts">
        <metrics statements="0" coveredstatements="0" conditionals="0" coveredconditionals="0" methods="0" coveredmethods="0"/>
      </file>
      <file name="visibility.ts" path="/home/beznet/Workspace/edapex/src/lib/server/mastra/provider/visibility.ts">
        <metrics statements="9" coveredstatements="9" conditionals="10" coveredconditionals="8" methods="3" coveredmethods="3"/>
        <line num="13" count="10" type="stmt"/>
        <line num="18" count="10" type="stmt"/>
        <line num="19" count="10" type="stmt"/>
        <line num="20" count="12" type="cond" truecount="2" falsecount="0"/>
        <line num="22" count="10" type="stmt"/>
        <line num="31" count="6" type="stmt"/>
        <line num="51" count="1" type="stmt"/>
        <line num="52" count="1" type="stmt"/>
        <line num="53" count="2" type="stmt"/>
      </file>
    </package>
    <package name="server.mastra.storage.libsql">
      <metrics statements="75" coveredstatements="66" conditionals="28" coveredconditionals="19" methods="33" coveredmethods="26"/>
      <file name="app-db.schema.ts" path="/home/beznet/Workspace/edapex/src/lib/server/mastra/storage/libsql/app-db.schema.ts">
        <metrics statements="32" coveredstatements="26" conditionals="0" coveredconditionals="0" methods="18" coveredmethods="12"/>
        <line num="27" count="22" type="stmt"/>
        <line num="30" count="0" type="stmt"/>
        <line num="44" count="21" type="stmt"/>
        <line num="60" count="22" type="stmt"/>
        <line num="63" count="0" type="stmt"/>
        <line num="71" count="21" type="stmt"/>
        <line num="89" count="22" type="stmt"/>
        <line num="92" count="0" type="stmt"/>
        <line num="102" count="21" type="stmt"/>
        <line num="117" count="22" type="stmt"/>
        <line num="118" count="3" type="stmt"/>
        <line num="132" count="21" type="stmt"/>
        <line num="139" count="22" type="stmt"/>
        <line num="140" count="8" type="stmt"/>
        <line num="145" count="21" type="stmt"/>
        <line num="154" count="22" type="stmt"/>
        <line num="167" count="22" type="stmt"/>
        <line num="168" count="0" type="stmt"/>
        <line num="177" count="21" type="stmt"/>
        <line num="189" count="22" type="stmt"/>
        <line num="212" count="22" type="stmt"/>
        <line num="213" count="0" type="stmt"/>
        <line num="214" count="0" type="stmt"/>
        <line num="233" count="22" type="stmt"/>
        <line num="261" count="22" type="stmt"/>
        <line num="264" count="14" type="stmt"/>
        <line num="277" count="21" type="stmt"/>
        <line num="293" count="22" type="stmt"/>
        <line num="296" count="12" type="stmt"/>
        <line num="305" count="21" type="stmt"/>
        <line num="320" count="22" type="stmt"/>
        <line num="339" count="22" type="stmt"/>
      </file>
      <file name="app-db.ts" path="/home/beznet/Workspace/edapex/src/lib/server/mastra/storage/libsql/app-db.ts">
        <metrics statements="17" coveredstatements="17" conditionals="8" coveredconditionals="6" methods="3" coveredmethods="3"/>
        <line num="28" count="21" type="stmt"/>
        <line num="29" count="21" type="cond" truecount="2" falsecount="0"/>
        <line num="31" count="21" type="stmt"/>
        <line num="32" count="21" type="stmt"/>
        <line num="33" count="21" type="stmt"/>
        <line num="36" count="21" type="cond" truecount="1" falsecount="1"/>
        <line num="39" count="21" type="stmt"/>
        <line num="40" count="21" type="stmt"/>
        <line num="41" count="21" type="stmt"/>
        <line num="42" count="21" type="stmt"/>
        <line num="46" count="21" type="cond" truecount="1" falsecount="1"/>
        <line num="47" count="21" type="stmt"/>
        <line num="48" count="21" type="stmt"/>
        <line num="50" count="21" type="stmt"/>
        <line num="54" count="168" type="cond" truecount="2" falsecount="0"/>
        <line num="55" count="21" type="stmt"/>
        <line num="57" count="168" type="stmt"/>
      </file>
      <file name="tracing-client.ts" path="/home/beznet/Workspace/edapex/src/lib/server/mastra/storage/libsql/tracing-client.ts">
        <metrics statements="26" coveredstatements="23" conditionals="20" coveredconditionals="13" methods="12" coveredmethods="11"/>
        <line num="31" count="1" type="stmt"/>
        <line num="34" count="1" type="stmt"/>
        <line num="35" count="1" type="stmt"/>
        <line num="39" count="3" type="stmt"/>
        <line num="40" count="3" type="cond" truecount="1" falsecount="1"/>
        <line num="41" count="3" type="stmt"/>
        <line num="45" count="4" type="stmt"/>
        <line num="46" count="4" type="cond" truecount="2" falsecount="0"/>
        <line num="50" count="0" type="stmt"/>
        <line num="51" count="0" type="cond" truecount="0" falsecount="2"/>
        <line num="55" count="2" type="stmt"/>
        <line num="56" count="2" type="stmt"/>
        <line num="57" count="3" type="cond" truecount="1" falsecount="1"/>
        <line num="58" count="3" type="cond" truecount="2" falsecount="0"/>
        <line num="60" count="2" type="stmt"/>
        <line num="64" count="3" type="stmt"/>
        <line num="68" count="3" type="stmt"/>
        <line num="69" count="3" type="cond" truecount="3" falsecount="1"/>
        <line num="75" count="1" type="stmt"/>
        <line num="77" count="4" type="cond" truecount="1" falsecount="1"/>
        <line num="78" count="4" type="stmt"/>
        <line num="79" count="4" type="cond" truecount="1" falsecount="1"/>
        <line num="80" count="4" type="cond" truecount="2" falsecount="0"/>
        <line num="81" count="3" type="stmt"/>
        <line num="83" count="4" type="stmt"/>
        <line num="86" count="0" type="stmt"/>
      </file>
    </package>
    <package name="server.service">
      <metrics statements="144" coveredstatements="107" conditionals="114" coveredconditionals="68" methods="16" coveredmethods="12"/>
      <file name="potluck.service.ts" path="/home/beznet/Workspace/edapex/src/lib/server/service/potluck.service.ts">
        <metrics statements="144" coveredstatements="107" conditionals="114" coveredconditionals="68" methods="16" coveredmethods="12"/>
        <line num="56" count="1" type="stmt"/>
        <line num="57" count="1" type="stmt"/>
        <line num="58" count="1" type="stmt"/>
        <line num="59" count="1" type="stmt"/>
        <line num="60" count="1" type="stmt"/>
        <line num="67" count="1" type="stmt"/>
        <line num="73" count="0" type="stmt"/>
        <line num="74" count="0" type="stmt"/>
        <line num="75" count="0" type="stmt"/>
        <line num="76" count="0" type="stmt"/>
        <line num="81" count="0" type="cond" truecount="0" falsecount="2"/>
        <line num="82" count="0" type="stmt"/>
        <line num="87" count="1" type="stmt"/>
        <line num="104" count="66" type="cond" truecount="5" falsecount="1"/>
        <line num="105" count="0" type="stmt"/>
        <line num="107" count="66" type="stmt"/>
        <line num="111" count="6" type="stmt"/>
        <line num="115" count="6" type="stmt"/>
        <line num="116" count="6" type="stmt"/>
        <line num="117" count="6" type="stmt"/>
        <line num="118" count="6" type="stmt"/>
        <line num="119" count="619" type="stmt"/>
        <line num="120" count="619" type="cond" truecount="1" falsecount="1"/>
        <line num="121" count="0" type="cond" truecount="0" falsecount="2"/>
        <line num="122" count="0" type="cond" truecount="0" falsecount="2"/>
        <line num="123" count="0" type="stmt"/>
        <line num="124" count="0" type="stmt"/>
        <line num="126" count="0" type="stmt"/>
        <line num="129" count="0" type="stmt"/>
        <line num="132" count="619" type="cond" truecount="1" falsecount="1"/>
        <line num="133" count="0" type="stmt"/>
        <line num="134" count="619" type="cond" truecount="2" falsecount="0"/>
        <line num="135" count="60" type="stmt"/>
        <line num="136" count="60" type="stmt"/>
        <line num="138" count="559" type="stmt"/>
        <line num="142" count="6" type="stmt"/>
        <line num="143" count="6" type="stmt"/>
        <line num="148" count="3" type="stmt"/>
        <line num="149" count="9" type="stmt"/>
        <line num="150" count="3" type="cond" truecount="1" falsecount="1"/>
        <line num="151" count="3" type="stmt"/>
        <line num="152" count="3" type="stmt"/>
        <line num="153" count="3" type="stmt"/>
        <line num="154" count="3" type="stmt"/>
        <line num="156" count="3" type="stmt"/>
        <line num="165" count="4" type="stmt"/>
        <line num="166" count="4" type="stmt"/>
        <line num="167" count="4" type="stmt"/>
        <line num="168" count="4" type="stmt"/>
        <line num="172" count="2" type="stmt"/>
        <line num="173" count="2" type="stmt"/>
        <line num="174" count="2" type="stmt"/>
        <line num="175" count="2" type="stmt"/>
        <line num="176" count="2" type="stmt"/>
        <line num="177" count="2" type="stmt"/>
        <line num="182" count="2" type="stmt"/>
        <line num="183" count="2" type="stmt"/>
        <line num="185" count="0" type="stmt"/>
        <line num="187" count="2" type="cond" truecount="1" falsecount="1"/>
        <line num="188" count="2" type="stmt"/>
        <line num="189" count="2" type="stmt"/>
        <line num="190" count="2" type="stmt"/>
        <line num="191" count="2" type="stmt"/>
        <line num="192" count="2" type="stmt"/>
        <line num="193" count="2" type="stmt"/>
        <line num="194" count="2" type="stmt"/>
        <line num="195" count="2" type="stmt"/>
        <line num="196" count="2" type="stmt"/>
        <line num="198" count="0" type="stmt"/>
        <line num="209" count="0" type="stmt"/>
        <line num="210" count="0" type="stmt"/>
        <line num="211" count="0" type="stmt"/>
        <line num="212" count="0" type="cond" truecount="0" falsecount="2"/>
        <line num="213" count="0" type="stmt"/>
        <line num="229" count="3" type="stmt"/>
        <line num="234" count="3" type="stmt"/>
        <line num="235" count="3" type="stmt"/>
        <line num="237" count="3" type="cond" truecount="2" falsecount="0"/>
        <line num="242" count="3" type="stmt"/>
        <line num="260" count="3" type="stmt"/>
        <line num="288" count="3" type="stmt"/>
        <line num="289" count="3" type="stmt"/>
        <line num="290" count="33" type="cond" truecount="1" falsecount="1"/>
        <line num="292" count="3" type="cond" truecount="1" falsecount="1"/>
        <line num="293" count="3" type="cond" truecount="1" falsecount="1"/>
        <line num="294" count="3" type="cond" truecount="1" falsecount="1"/>
        <line num="295" count="3" type="cond" truecount="1" falsecount="1"/>
        <line num="296" count="3" type="cond" truecount="1" falsecount="1"/>
        <line num="297" count="3" type="cond" truecount="1" falsecount="1"/>
        <line num="298" count="3" type="cond" truecount="1" falsecount="1"/>
        <line num="299" count="3" type="cond" truecount="1" falsecount="1"/>
        <line num="300" count="3" type="cond" truecount="1" falsecount="1"/>
        <line num="301" count="3" type="cond" truecount="1" falsecount="1"/>
        <line num="302" count="3" type="cond" truecount="1" falsecount="1"/>
        <line num="304" count="3" type="cond" truecount="4" falsecount="1"/>
        <line num="305" count="0" type="stmt"/>
        <line num="306" count="0" type="stmt"/>
        <line num="308" count="3" type="stmt"/>
        <line num="309" count="3" type="cond" truecount="1" falsecount="1"/>
        <line num="310" count="0" type="stmt"/>
        <line num="311" count="0" type="stmt"/>
        <line num="313" count="3" type="stmt"/>
        <line num="314" count="3" type="cond" truecount="1" falsecount="1"/>
        <line num="315" count="0" type="stmt"/>
        <line num="316" count="0" type="stmt"/>
        <line num="319" count="3" type="stmt"/>
        <line num="320" count="3" type="cond" truecount="2" falsecount="0"/>
        <line num="321" count="2" type="cond" truecount="1" falsecount="1"/>
        <line num="322" count="0" type="stmt"/>
        <line num="323" count="0" type="stmt"/>
        <line num="325" count="2" type="cond" truecount="1" falsecount="1"/>
        <line num="326" count="0" type="stmt"/>
        <line num="327" count="0" type="stmt"/>
        <line num="329" count="2" type="stmt"/>
        <line num="330" count="2" type="cond" truecount="1" falsecount="1"/>
        <line num="331" count="0" type="stmt"/>
        <line num="332" count="0" type="stmt"/>
        <line num="339" count="2" type="stmt"/>
        <line num="342" count="3" type="stmt"/>
        <line num="358" count="0" type="stmt"/>
        <line num="360" count="1" type="stmt"/>
        <line num="377" count="3" type="stmt"/>
        <line num="378" count="3" type="stmt"/>
        <line num="379" count="3" type="cond" truecount="3" falsecount="1"/>
        <line num="380" count="3" type="cond" truecount="3" falsecount="1"/>
        <line num="381" count="0" type="stmt"/>
        <line num="383" count="3" type="stmt"/>
        <line num="384" count="3" type="stmt"/>
        <line num="385" count="3" type="stmt"/>
        <line num="386" count="3" type="cond" truecount="1" falsecount="1"/>
        <line num="389" count="3" type="stmt"/>
        <line num="390" count="3" type="stmt"/>
        <line num="391" count="3" type="stmt"/>
        <line num="393" count="3" type="stmt"/>
        <line num="394" count="3" type="stmt"/>
        <line num="399" count="3" type="cond" truecount="2" falsecount="0"/>
        <line num="400" count="1" type="cond" truecount="1" falsecount="1"/>
        <line num="401" count="1" type="stmt"/>
        <line num="402" count="1" type="stmt"/>
        <line num="404" count="0" type="stmt"/>
        <line num="418" count="0" type="stmt"/>
        <line num="420" count="2" type="stmt"/>
        <line num="434" count="2" type="stmt"/>
        <line num="438" count="3" type="stmt"/>
      </file>
    </package>
  </project>
</coverage>
