{"/home/beznet/Workspace/edapex/src/lib/provider/catalog.ts": {"path":"/home/beznet/Workspace/edapex/src/lib/provider/catalog.ts","statementMap":{"0":{"start":{"line":29,"column":44},"end":{"line":57,"column":null}},"1":{"start":{"line":59,"column":67},"end":{"line":107,"column":null}},"2":{"start":{"line":109,"column":58},"end":{"line":359,"column":null}},"3":{"start":{"line":362,"column":1},"end":{"line":362,"column":null}},"4":{"start":{"line":366,"column":1},"end":{"line":366,"column":null}},"5":{"start":{"line":370,"column":1},"end":{"line":370,"column":null}},"6":{"start":{"line":370,"column":52},"end":{"line":370,"column":79}},"7":{"start":{"line":374,"column":1},"end":{"line":374,"column":null}},"8":{"start":{"line":377,"column":38},"end":{"line":377,"column":null}},"9":{"start":{"line":379,"column":50},"end":{"line":379,"column":null}},"10":{"start":{"line":387,"column":41},"end":{"line":387,"column":null}},"11":{"start":{"line":401,"column":68},"end":{"line":401,"column":null}},"12":{"start":{"line":402,"column":59},"end":{"line":402,"column":null}}},"fnMap":{"0":{"name":"getProviderById","decl":{"start":{"line":361,"column":16},"end":{"line":361,"column":32}},"loc":{"start":{"line":361,"column":74},"end":{"line":363,"column":null}},"line":361},"1":{"name":"getModelById","decl":{"start":{"line":365,"column":16},"end":{"line":365,"column":29}},"loc":{"start":{"line":365,"column":65},"end":{"line":367,"column":null}},"line":365},"2":{"name":"getModelsByProvider","decl":{"start":{"line":369,"column":16},"end":{"line":369,"column":36}},"loc":{"start":{"line":369,"column":73},"end":{"line":371,"column":null}},"line":369},"3":{"name":"(anonymous_3)","decl":{"start":{"line":370,"column":45},"end":{"line":370,"column":46}},"loc":{"start":{"line":370,"column":52},"end":{"line":370,"column":79}},"line":370},"4":{"name":"getChatRoutableModels","decl":{"start":{"line":373,"column":16},"end":{"line":373,"column":53}},"loc":{"start":{"line":373,"column":53},"end":{"line":375,"column":null}},"line":373}},"branchMap":{},"s":{"0":5,"1":5,"2":5,"3":0,"4":28,"5":3,"6":48,"7":3,"8":5,"9":5,"10":5,"11":5,"12":5},"f":{"0":0,"1":28,"2":3,"3":48,"4":3},"b":{},"meta":{"lastBranch":0,"lastFunction":5,"lastStatement":13,"seen":{"s:29:44:57:Infinity":0,"s:59:67:107:Infinity":1,"s:109:58:359:Infinity":2,"f:361:16:361:32":0,"s:362:1:362:Infinity":3,"f:365:16:365:29":1,"s:366:1:366:Infinity":4,"f:369:16:369:36":2,"s:370:1:370:Infinity":5,"f:370:45:370:46":3,"s:370:52:370:79":6,"f:373:16:373:53":4,"s:374:1:374:Infinity":7,"s:377:38:377:Infinity":8,"s:379:50:379:Infinity":9,"s:387:41:387:Infinity":10,"s:401:68:401:Infinity":11,"s:402:59:402:Infinity":12},"fnNames":{}}}
,"/home/beznet/Workspace/edapex/src/lib/provider/errors.ts": {"path":"/home/beznet/Workspace/edapex/src/lib/provider/errors.ts","statementMap":{"0":{"start":{"line":12,"column":2},"end":{"line":12,"column":null}},"1":{"start":{"line":13,"column":2},"end":{"line":13,"column":null}},"2":{"start":{"line":18,"column":17},"end":{"line":18,"column":null}},"3":{"start":{"line":24,"column":2},"end":{"line":24,"column":null}},"4":{"start":{"line":20,"column":18},"end":{"line":20,"column":null}},"5":{"start":{"line":21,"column":18},"end":{"line":21,"column":null}},"6":{"start":{"line":22,"column":18},"end":{"line":22,"column":42}},"7":{"start":{"line":29,"column":17},"end":{"line":29,"column":null}},"8":{"start":{"line":31,"column":2},"end":{"line":31,"column":null}},"9":{"start":{"line":30,"column":29},"end":{"line":30,"column":53}},"10":{"start":{"line":36,"column":17},"end":{"line":36,"column":null}},"11":{"start":{"line":38,"column":2},"end":{"line":38,"column":null}},"12":{"start":{"line":43,"column":17},"end":{"line":43,"column":null}},"13":{"start":{"line":45,"column":2},"end":{"line":45,"column":null}},"14":{"start":{"line":44,"column":29},"end":{"line":44,"column":53}},"15":{"start":{"line":50,"column":17},"end":{"line":50,"column":null}},"16":{"start":{"line":56,"column":2},"end":{"line":56,"column":null}},"17":{"start":{"line":52,"column":18},"end":{"line":52,"column":null}},"18":{"start":{"line":53,"column":18},"end":{"line":53,"column":null}},"19":{"start":{"line":54,"column":18},"end":{"line":54,"column":null}},"20":{"start":{"line":61,"column":17},"end":{"line":61,"column":null}},"21":{"start":{"line":63,"column":2},"end":{"line":63,"column":null}},"22":{"start":{"line":62,"column":29},"end":{"line":62,"column":53}},"23":{"start":{"line":68,"column":17},"end":{"line":68,"column":null}},"24":{"start":{"line":74,"column":2},"end":{"line":78,"column":null}},"25":{"start":{"line":70,"column":18},"end":{"line":70,"column":null}},"26":{"start":{"line":71,"column":18},"end":{"line":71,"column":null}},"27":{"start":{"line":72,"column":18},"end":{"line":72,"column":null}},"28":{"start":{"line":83,"column":17},"end":{"line":83,"column":null}},"29":{"start":{"line":85,"column":2},"end":{"line":85,"column":null}},"30":{"start":{"line":84,"column":29},"end":{"line":84,"column":53}},"31":{"start":{"line":99,"column":17},"end":{"line":99,"column":null}},"32":{"start":{"line":105,"column":2},"end":{"line":105,"column":null}},"33":{"start":{"line":102,"column":18},"end":{"line":102,"column":null}},"34":{"start":{"line":103,"column":27},"end":{"line":103,"column":null}}},"fnMap":{"0":{"name":"constructor","decl":{"start":{"line":11,"column":1},"end":{"line":11,"column":13}},"loc":{"start":{"line":11,"column":30},"end":{"line":14,"column":null}},"line":11},"1":{"name":"constructor_2","decl":{"start":{"line":19,"column":1},"end":{"line":19,"column":null}},"loc":{"start":{"line":23,"column":3},"end":{"line":25,"column":null}},"line":23},"2":{"name":"constructor_3","decl":{"start":{"line":30,"column":1},"end":{"line":30,"column":29}},"loc":{"start":{"line":30,"column":53},"end":{"line":32,"column":null}},"line":30},"3":{"name":"constructor_4","decl":{"start":{"line":37,"column":1},"end":{"line":37,"column":15}},"loc":{"start":{"line":37,"column":15},"end":{"line":39,"column":null}},"line":37},"4":{"name":"constructor_5","decl":{"start":{"line":44,"column":1},"end":{"line":44,"column":29}},"loc":{"start":{"line":44,"column":53},"end":{"line":46,"column":null}},"line":44},"5":{"name":"constructor_6","decl":{"start":{"line":51,"column":1},"end":{"line":51,"column":null}},"loc":{"start":{"line":55,"column":3},"end":{"line":57,"column":null}},"line":55},"6":{"name":"constructor_7","decl":{"start":{"line":62,"column":1},"end":{"line":62,"column":29}},"loc":{"start":{"line":62,"column":53},"end":{"line":64,"column":null}},"line":62},"7":{"name":"constructor_8","decl":{"start":{"line":69,"column":1},"end":{"line":69,"column":null}},"loc":{"start":{"line":73,"column":3},"end":{"line":79,"column":null}},"line":73},"8":{"name":"constructor_9","decl":{"start":{"line":84,"column":1},"end":{"line":84,"column":29}},"loc":{"start":{"line":84,"column":53},"end":{"line":86,"column":null}},"line":84},"9":{"name":"constructor_10","decl":{"start":{"line":100,"column":1},"end":{"line":100,"column":null}},"loc":{"start":{"line":104,"column":3},"end":{"line":106,"column":null}},"line":104}},"branchMap":{"0":{"loc":{"start":{"line":22,"column":18},"end":{"line":22,"column":null}},"type":"default-arg","locations":[{"start":{"line":22,"column":42},"end":{"line":22,"column":null}}],"line":22},"1":{"loc":{"start":{"line":75,"column":3},"end":{"line":77,"column":null}},"type":"cond-expr","locations":[{"start":{"line":76,"column":6},"end":{"line":76,"column":null}},{"start":{"line":77,"column":6},"end":{"line":77,"column":null}}],"line":75}},"s":{"0":29,"1":29,"2":3,"3":3,"4":3,"5":3,"6":3,"7":1,"8":1,"9":1,"10":1,"11":1,"12":0,"13":0,"14":0,"15":0,"16":0,"17":0,"18":0,"19":0,"20":3,"21":3,"22":3,"23":0,"24":0,"25":0,"26":0,"27":0,"28":2,"29":2,"30":2,"31":19,"32":19,"33":19,"34":19},"f":{"0":29,"1":3,"2":1,"3":1,"4":0,"5":0,"6":3,"7":0,"8":2,"9":19},"b":{"0":[3],"1":[0,0]},"meta":{"lastBranch":2,"lastFunction":10,"lastStatement":35,"seen":{"f:11:1:11:13":0,"s:12:2:12:Infinity":0,"s:13:2:13:Infinity":1,"s:18:17:18:Infinity":2,"f:19:1:19:Infinity":1,"b:22:42:22:Infinity":0,"s:24:2:24:Infinity":3,"s:20:18:20:Infinity":4,"s:21:18:21:Infinity":5,"s:22:18:22:42":6,"s:29:17:29:Infinity":7,"f:30:1:30:29":2,"s:31:2:31:Infinity":8,"s:30:29:30:53":9,"s:36:17:36:Infinity":10,"f:37:1:37:15":3,"s:38:2:38:Infinity":11,"s:43:17:43:Infinity":12,"f:44:1:44:29":4,"s:45:2:45:Infinity":13,"s:44:29:44:53":14,"s:50:17:50:Infinity":15,"f:51:1:51:Infinity":5,"s:56:2:56:Infinity":16,"s:52:18:52:Infinity":17,"s:53:18:53:Infinity":18,"s:54:18:54:Infinity":19,"s:61:17:61:Infinity":20,"f:62:1:62:29":6,"s:63:2:63:Infinity":21,"s:62:29:62:53":22,"s:68:17:68:Infinity":23,"f:69:1:69:Infinity":7,"s:74:2:78:Infinity":24,"b:76:6:76:Infinity:77:6:77:Infinity":1,"s:70:18:70:Infinity":25,"s:71:18:71:Infinity":26,"s:72:18:72:Infinity":27,"s:83:17:83:Infinity":28,"f:84:1:84:29":8,"s:85:2:85:Infinity":29,"s:84:29:84:53":30,"s:99:17:99:Infinity":31,"f:100:1:100:Infinity":9,"s:105:2:105:Infinity":32,"s:102:18:102:Infinity":33,"s:103:27:103:Infinity":34},"fnNames":{}}}
,"/home/beznet/Workspace/edapex/src/lib/provider/rate-limit.ts": {"path":"/home/beznet/Workspace/edapex/src/lib/provider/rate-limit.ts","statementMap":{"0":{"start":{"line":10,"column":36},"end":{"line":21,"column":null}},"1":{"start":{"line":29,"column":1},"end":{"line":29,"column":null}},"2":{"start":{"line":29,"column":11},"end":{"line":29,"column":null}},"3":{"start":{"line":30,"column":17},"end":{"line":30,"column":null}},"4":{"start":{"line":31,"column":16},"end":{"line":31,"column":null}},"5":{"start":{"line":32,"column":1},"end":{"line":32,"column":null}},"6":{"start":{"line":32,"column":43},"end":{"line":32,"column":null}},"7":{"start":{"line":33,"column":15},"end":{"line":33,"column":null}},"8":{"start":{"line":34,"column":1},"end":{"line":34,"column":null}},"9":{"start":{"line":34,"column":13},"end":{"line":34,"column":null}},"10":{"start":{"line":35,"column":21},"end":{"line":35,"column":null}},"11":{"start":{"line":36,"column":1},"end":{"line":36,"column":null}},"12":{"start":{"line":36,"column":21},"end":{"line":36,"column":null}},"13":{"start":{"line":37,"column":1},"end":{"line":37,"column":null}},"14":{"start":{"line":48,"column":1},"end":{"line":48,"column":null}},"15":{"start":{"line":48,"column":15},"end":{"line":48,"column":null}},"16":{"start":{"line":49,"column":36},"end":{"line":49,"column":null}},"17":{"start":{"line":50,"column":1},"end":{"line":50,"column":null}},"18":{"start":{"line":50,"column":47},"end":{"line":50,"column":null}},"19":{"start":{"line":51,"column":13},"end":{"line":51,"column":null}},"20":{"start":{"line":51,"column":56},"end":{"line":51,"column":null}},"21":{"start":{"line":52,"column":1},"end":{"line":61,"column":null}}},"fnMap":{"0":{"name":"parseResetDuration","decl":{"start":{"line":28,"column":16},"end":{"line":28,"column":35}},"loc":{"start":{"line":28,"column":82},"end":{"line":38,"column":null}},"line":28},"1":{"name":"extractRateLimitFromHeaders","decl":{"start":{"line":44,"column":16},"end":{"line":44,"column":null}},"loc":{"start":{"line":47,"column":27},"end":{"line":62,"column":null}},"line":47},"2":{"name":"(anonymous_2)","decl":{"start":{"line":51,"column":13},"end":{"line":51,"column":14}},"loc":{"start":{"line":51,"column":56},"end":{"line":51,"column":null}},"line":51}},"branchMap":{"0":{"loc":{"start":{"line":29,"column":1},"end":{"line":29,"column":null}},"type":"if","locations":[{"start":{"line":29,"column":1},"end":{"line":29,"column":null}},{"start":{},"end":{}}],"line":29},"1":{"loc":{"start":{"line":32,"column":1},"end":{"line":32,"column":null}},"type":"if","locations":[{"start":{"line":32,"column":1},"end":{"line":32,"column":null}},{"start":{},"end":{}}],"line":32},"2":{"loc":{"start":{"line":32,"column":5},"end":{"line":32,"column":43}},"type":"binary-expr","locations":[{"start":{"line":32,"column":5},"end":{"line":32,"column":30}},{"start":{"line":32,"column":30},"end":{"line":32,"column":43}}],"line":32},"3":{"loc":{"start":{"line":34,"column":1},"end":{"line":34,"column":null}},"type":"if","locations":[{"start":{"line":34,"column":1},"end":{"line":34,"column":null}},{"start":{},"end":{}}],"line":34},"4":{"loc":{"start":{"line":36,"column":1},"end":{"line":36,"column":null}},"type":"if","locations":[{"start":{"line":36,"column":1},"end":{"line":36,"column":null}},{"start":{},"end":{}}],"line":36},"5":{"loc":{"start":{"line":36,"column":5},"end":{"line":36,"column":21}},"type":"binary-expr","locations":[{"start":{"line":36,"column":5},"end":{"line":36,"column":11}},{"start":{"line":36,"column":11},"end":{"line":36,"column":17}},{"start":{"line":36,"column":17},"end":{"line":36,"column":21}}],"line":36},"6":{"loc":{"start":{"line":37,"column":27},"end":{"line":37,"column":33}},"type":"binary-expr","locations":[{"start":{"line":37,"column":27},"end":{"line":37,"column":32}},{"start":{"line":37,"column":32},"end":{"line":37,"column":33}}],"line":37},"7":{"loc":{"start":{"line":37,"column":53},"end":{"line":37,"column":59}},"type":"binary-expr","locations":[{"start":{"line":37,"column":53},"end":{"line":37,"column":58}},{"start":{"line":37,"column":58},"end":{"line":37,"column":59}}],"line":37},"8":{"loc":{"start":{"line":37,"column":76},"end":{"line":37,"column":82}},"type":"binary-expr","locations":[{"start":{"line":37,"column":76},"end":{"line":37,"column":81}},{"start":{"line":37,"column":81},"end":{"line":37,"column":82}}],"line":37},"9":{"loc":{"start":{"line":48,"column":1},"end":{"line":48,"column":null}},"type":"if","locations":[{"start":{"line":48,"column":1},"end":{"line":48,"column":null}},{"start":{},"end":{}}],"line":48},"10":{"loc":{"start":{"line":51,"column":56},"end":{"line":51,"column":null}},"type":"cond-expr","locations":[{"start":{"line":51,"column":60},"end":{"line":51,"column":72}},{"start":{"line":51,"column":72},"end":{"line":51,"column":null}}],"line":51},"11":{"loc":{"start":{"line":58,"column":17},"end":{"line":58,"column":null}},"type":"binary-expr","locations":[{"start":{"line":58,"column":17},"end":{"line":58,"column":53}},{"start":{"line":58,"column":53},"end":{"line":58,"column":null}}],"line":58},"12":{"loc":{"start":{"line":59,"column":15},"end":{"line":59,"column":null}},"type":"binary-expr","locations":[{"start":{"line":59,"column":15},"end":{"line":59,"column":49}},{"start":{"line":59,"column":49},"end":{"line":59,"column":null}}],"line":59}},"s":{"0":3,"1":0,"2":0,"3":0,"4":0,"5":0,"6":0,"7":0,"8":0,"9":0,"10":0,"11":0,"12":0,"13":0,"14":0,"15":0,"16":0,"17":0,"18":0,"19":0,"20":0,"21":0},"f":{"0":0,"1":0,"2":0},"b":{"0":[0,0],"1":[0,0],"2":[0,0],"3":[0,0],"4":[0,0],"5":[0,0,0],"6":[0,0],"7":[0,0],"8":[0,0],"9":[0,0],"10":[0,0],"11":[0,0],"12":[0,0]},"meta":{"lastBranch":13,"lastFunction":3,"lastStatement":22,"seen":{"s:10:36:21:Infinity":0,"f:28:16:28:35":0,"b:29:1:29:Infinity:undefined:undefined:undefined:undefined":0,"s:29:1:29:Infinity":1,"s:29:11:29:Infinity":2,"s:30:17:30:Infinity":3,"s:31:16:31:Infinity":4,"b:32:1:32:Infinity:undefined:undefined:undefined:undefined":1,"s:32:1:32:Infinity":5,"b:32:5:32:30:32:30:32:43":2,"s:32:43:32:Infinity":6,"s:33:15:33:Infinity":7,"b:34:1:34:Infinity:undefined:undefined:undefined:undefined":3,"s:34:1:34:Infinity":8,"s:34:13:34:Infinity":9,"s:35:21:35:Infinity":10,"b:36:1:36:Infinity:undefined:undefined:undefined:undefined":4,"s:36:1:36:Infinity":11,"b:36:5:36:11:36:11:36:17:36:17:36:21":5,"s:36:21:36:Infinity":12,"s:37:1:37:Infinity":13,"b:37:27:37:32:37:32:37:33":6,"b:37:53:37:58:37:58:37:59":7,"b:37:76:37:81:37:81:37:82":8,"f:44:16:44:Infinity":1,"b:48:1:48:Infinity:undefined:undefined:undefined:undefined":9,"s:48:1:48:Infinity":14,"s:48:15:48:Infinity":15,"s:49:36:49:Infinity":16,"s:50:1:50:Infinity":17,"s:50:47:50:Infinity":18,"s:51:13:51:Infinity":19,"f:51:13:51:14":2,"s:51:56:51:Infinity":20,"b:51:60:51:72:51:72:51:Infinity":10,"s:52:1:61:Infinity":21,"b:58:17:58:53:58:53:58:Infinity":11,"b:59:15:59:49:59:49:59:Infinity":12},"fnNames":{}}}
,"/home/beznet/Workspace/edapex/src/lib/provider/spec.ts": {"path":"/home/beznet/Workspace/edapex/src/lib/provider/spec.ts","statementMap":{"0":{"start":{"line":11,"column":30},"end":{"line":16,"column":null}},"1":{"start":{"line":19,"column":31},"end":{"line":23,"column":null}},"2":{"start":{"line":26,"column":25},"end":{"line":26,"column":null}},"3":{"start":{"line":29,"column":37},"end":{"line":34,"column":null}},"4":{"start":{"line":37,"column":37},"end":{"line":40,"column":null}},"5":{"start":{"line":43,"column":34},"end":{"line":52,"column":null}},"6":{"start":{"line":55,"column":34},"end":{"line":62,"column":null}},"7":{"start":{"line":65,"column":26},"end":{"line":69,"column":null}},"8":{"start":{"line":72,"column":27},"end":{"line":76,"column":null}},"9":{"start":{"line":79,"column":34},"end":{"line":85,"column":null}},"10":{"start":{"line":88,"column":29},"end":{"line":96,"column":null}},"11":{"start":{"line":99,"column":33},"end":{"line":99,"column":null}},"12":{"start":{"line":102,"column":31},"end":{"line":111,"column":null}},"13":{"start":{"line":114,"column":33},"end":{"line":114,"column":null}},"14":{"start":{"line":117,"column":31},"end":{"line":133,"column":null}},"15":{"start":{"line":136,"column":49},"end":{"line":144,"column":null}}},"fnMap":{},"branchMap":{},"s":{"0":12,"1":12,"2":12,"3":12,"4":12,"5":12,"6":12,"7":12,"8":12,"9":12,"10":12,"11":12,"12":12,"13":12,"14":12,"15":12},"f":{},"b":{},"meta":{"lastBranch":0,"lastFunction":0,"lastStatement":16,"seen":{"s:11:30:16:Infinity":0,"s:19:31:23:Infinity":1,"s:26:25:26:Infinity":2,"s:29:37:34:Infinity":3,"s:37:37:40:Infinity":4,"s:43:34:52:Infinity":5,"s:55:34:62:Infinity":6,"s:65:26:69:Infinity":7,"s:72:27:76:Infinity":8,"s:79:34:85:Infinity":9,"s:88:29:96:Infinity":10,"s:99:33:99:Infinity":11,"s:102:31:111:Infinity":12,"s:114:33:114:Infinity":13,"s:117:31:133:Infinity":14,"s:136:49:144:Infinity":15},"fnNames":{}}}
,"/home/beznet/Workspace/edapex/src/lib/provider/types.ts": {"path":"/home/beznet/Workspace/edapex/src/lib/provider/types.ts","statementMap":{"0":{"start":{"line":10,"column":32},"end":{"line":10,"column":null}},"1":{"start":{"line":13,"column":29},"end":{"line":13,"column":null}},"2":{"start":{"line":16,"column":31},"end":{"line":16,"column":null}},"3":{"start":{"line":19,"column":28},"end":{"line":19,"column":null}},"4":{"start":{"line":22,"column":31},"end":{"line":22,"column":null}},"5":{"start":{"line":22,"column":56},"end":{"line":22,"column":null}},"6":{"start":{"line":23,"column":28},"end":{"line":30,"column":null}},"7":{"start":{"line":24,"column":15},"end":{"line":24,"column":null}},"8":{"start":{"line":25,"column":1},"end":{"line":25,"column":null}},"9":{"start":{"line":25,"column":19},"end":{"line":25,"column":null}},"10":{"start":{"line":26,"column":1},"end":{"line":29,"column":null}}},"fnMap":{"0":{"name":"(anonymous_0)","decl":{"start":{"line":22,"column":31},"end":{"line":22,"column":32}},"loc":{"start":{"line":22,"column":56},"end":{"line":22,"column":null}},"line":22},"1":{"name":"(anonymous_1)","decl":{"start":{"line":23,"column":28},"end":{"line":23,"column":29}},"loc":{"start":{"line":23,"column":96},"end":{"line":30,"column":null}},"line":23}},"branchMap":{"0":{"loc":{"start":{"line":25,"column":1},"end":{"line":25,"column":null}},"type":"if","locations":[{"start":{"line":25,"column":1},"end":{"line":25,"column":null}},{"start":{},"end":{}}],"line":25}},"s":{"0":13,"1":13,"2":13,"3":13,"4":13,"5":0,"6":13,"7":34,"8":34,"9":29,"10":5},"f":{"0":0,"1":34},"b":{"0":[29,5]},"meta":{"lastBranch":1,"lastFunction":2,"lastStatement":11,"seen":{"s:10:32:10:Infinity":0,"s:13:29:13:Infinity":1,"s:16:31:16:Infinity":2,"s:19:28:19:Infinity":3,"s:22:31:22:Infinity":4,"f:22:31:22:32":0,"s:22:56:22:Infinity":5,"s:23:28:30:Infinity":6,"f:23:28:23:29":1,"s:24:15:24:Infinity":7,"b:25:1:25:Infinity:undefined:undefined:undefined:undefined":0,"s:25:1:25:Infinity":8,"s:25:19:25:Infinity":9,"s:26:1:29:Infinity":10},"fnNames":{}}}
,"/home/beznet/Workspace/edapex/src/lib/server/audit-log.ts": {"path":"/home/beznet/Workspace/edapex/src/lib/server/audit-log.ts","statementMap":{"0":{"start":{"line":5,"column":29},"end":{"line":14,"column":null}},"1":{"start":{"line":17,"column":25},"end":{"line":25,"column":null}},"2":{"start":{"line":39,"column":17},"end":{"line":39,"column":null}},"3":{"start":{"line":41,"column":50},"end":{"line":51,"column":null}},"4":{"start":{"line":54,"column":15},"end":{"line":54,"column":null}},"5":{"start":{"line":55,"column":1},"end":{"line":55,"column":null}},"6":{"start":{"line":55,"column":49},"end":{"line":55,"column":72}},"7":{"start":{"line":59,"column":1},"end":{"line":59,"column":null}},"8":{"start":{"line":63,"column":1},"end":{"line":69,"column":null}},"9":{"start":{"line":64,"column":42},"end":{"line":64,"column":null}},"10":{"start":{"line":65,"column":2},"end":{"line":67,"column":null}},"11":{"start":{"line":66,"column":3},"end":{"line":66,"column":null}},"12":{"start":{"line":68,"column":2},"end":{"line":68,"column":null}},"13":{"start":{"line":70,"column":1},"end":{"line":72,"column":null}},"14":{"start":{"line":71,"column":2},"end":{"line":71,"column":null}},"15":{"start":{"line":73,"column":1},"end":{"line":73,"column":null}},"16":{"start":{"line":77,"column":1},"end":{"line":77,"column":null}},"17":{"start":{"line":81,"column":1},"end":{"line":81,"column":null}},"18":{"start":{"line":85,"column":1},"end":{"line":85,"column":null}},"19":{"start":{"line":89,"column":1},"end":{"line":89,"column":null}},"20":{"start":{"line":90,"column":27},"end":{"line":98,"column":null}},"21":{"start":{"line":99,"column":14},"end":{"line":99,"column":null}},"22":{"start":{"line":100,"column":1},"end":{"line":100,"column":null}},"23":{"start":{"line":104,"column":1},"end":{"line":104,"column":null}},"24":{"start":{"line":106,"column":1},"end":{"line":113,"column":null}},"25":{"start":{"line":107,"column":2},"end":{"line":107,"column":null}},"26":{"start":{"line":109,"column":2},"end":{"line":111,"column":null}},"27":{"start":{"line":110,"column":3},"end":{"line":110,"column":null}},"28":{"start":{"line":112,"column":2},"end":{"line":112,"column":null}},"29":{"start":{"line":114,"column":15},"end":{"line":114,"column":null}},"30":{"start":{"line":114,"column":48},"end":{"line":114,"column":63}},"31":{"start":{"line":115,"column":31},"end":{"line":115,"column":null}},"32":{"start":{"line":116,"column":1},"end":{"line":121,"column":null}},"33":{"start":{"line":117,"column":17},"end":{"line":117,"column":null}},"34":{"start":{"line":118,"column":2},"end":{"line":120,"column":null}},"35":{"start":{"line":119,"column":3},"end":{"line":119,"column":null}},"36":{"start":{"line":122,"column":1},"end":{"line":122,"column":null}}},"fnMap":{"0":{"name":"isSensitiveKey","decl":{"start":{"line":53,"column":9},"end":{"line":53,"column":24}},"loc":{"start":{"line":53,"column":46},"end":{"line":56,"column":null}},"line":53},"1":{"name":"(anonymous_1)","decl":{"start":{"line":55,"column":36},"end":{"line":55,"column":37}},"loc":{"start":{"line":55,"column":49},"end":{"line":55,"column":72}},"line":55},"2":{"name":"isRecord","decl":{"start":{"line":58,"column":9},"end":{"line":58,"column":18}},"loc":{"start":{"line":58,"column":68},"end":{"line":60,"column":null}},"line":58},"3":{"name":"redactValue","decl":{"start":{"line":62,"column":9},"end":{"line":62,"column":21}},"loc":{"start":{"line":62,"column":46},"end":{"line":74,"column":null}},"line":62},"4":{"name":"auditDir","decl":{"start":{"line":76,"column":9},"end":{"line":76,"column":28}},"loc":{"start":{"line":76,"column":28},"end":{"line":78,"column":null}},"line":76},"5":{"name":"auditPath","decl":{"start":{"line":80,"column":9},"end":{"line":80,"column":19}},"loc":{"start":{"line":80,"column":45},"end":{"line":82,"column":null}},"line":80},"6":{"name":"ensureDir","decl":{"start":{"line":84,"column":15},"end":{"line":84,"column":42}},"loc":{"start":{"line":84,"column":42},"end":{"line":86,"column":null}},"line":84},"7":{"name":"log","decl":{"start":{"line":88,"column":22},"end":{"line":88,"column":26}},"loc":{"start":{"line":88,"column":63},"end":{"line":101,"column":null}},"line":88},"8":{"name":"readRecent","decl":{"start":{"line":103,"column":22},"end":{"line":103,"column":33}},"loc":{"start":{"line":103,"column":86},"end":{"line":123,"column":null}},"line":103},"9":{"name":"(anonymous_9)","decl":{"start":{"line":114,"column":38},"end":{"line":114,"column":39}},"loc":{"start":{"line":114,"column":48},"end":{"line":114,"column":63}},"line":114}},"branchMap":{"0":{"loc":{"start":{"line":59,"column":8},"end":{"line":59,"column":null}},"type":"binary-expr","locations":[{"start":{"line":59,"column":8},"end":{"line":59,"column":37}},{"start":{"line":59,"column":37},"end":{"line":59,"column":55}},{"start":{"line":59,"column":55},"end":{"line":59,"column":null}}],"line":59},"1":{"loc":{"start":{"line":63,"column":1},"end":{"line":69,"column":null}},"type":"if","locations":[{"start":{"line":63,"column":1},"end":{"line":69,"column":null}},{"start":{},"end":{}}],"line":63},"2":{"loc":{"start":{"line":66,"column":15},"end":{"line":66,"column":null}},"type":"cond-expr","locations":[{"start":{"line":66,"column":35},"end":{"line":66,"column":46}},{"start":{"line":66,"column":46},"end":{"line":66,"column":null}}],"line":66},"3":{"loc":{"start":{"line":70,"column":1},"end":{"line":72,"column":null}},"type":"if","locations":[{"start":{"line":70,"column":1},"end":{"line":72,"column":null}},{"start":{},"end":{}}],"line":70},"4":{"loc":{"start":{"line":103,"column":51},"end":{"line":103,"column":86}},"type":"default-arg","locations":[{"start":{"line":103,"column":59},"end":{"line":103,"column":86}}],"line":103},"5":{"loc":{"start":{"line":109,"column":2},"end":{"line":111,"column":null}},"type":"if","locations":[{"start":{"line":109,"column":2},"end":{"line":111,"column":null}},{"start":{},"end":{}}],"line":109},"6":{"loc":{"start":{"line":109,"column":6},"end":{"line":109,"column":70}},"type":"binary-expr","locations":[{"start":{"line":109,"column":6},"end":{"line":109,"column":30}},{"start":{"line":109,"column":30},"end":{"line":109,"column":47}},{"start":{"line":109,"column":47},"end":{"line":109,"column":70}}],"line":109},"7":{"loc":{"start":{"line":118,"column":2},"end":{"line":120,"column":null}},"type":"if","locations":[{"start":{"line":118,"column":2},"end":{"line":120,"column":null}},{"start":{},"end":{}}],"line":118}},"s":{"0":7,"1":7,"2":7,"3":7,"4":0,"5":0,"6":0,"7":0,"8":0,"9":0,"10":0,"11":0,"12":0,"13":0,"14":0,"15":0,"16":0,"17":0,"18":0,"19":0,"20":0,"21":0,"22":0,"23":0,"24":0,"25":0,"26":0,"27":0,"28":0,"29":0,"30":0,"31":0,"32":0,"33":0,"34":0,"35":0,"36":0},"f":{"0":0,"1":0,"2":0,"3":0,"4":0,"5":0,"6":0,"7":0,"8":0,"9":0},"b":{"0":[0,0,0],"1":[0,0],"2":[0,0],"3":[0,0],"4":[0],"5":[0,0],"6":[0,0,0],"7":[0,0]},"meta":{"lastBranch":8,"lastFunction":10,"lastStatement":37,"seen":{"s:5:29:14:Infinity":0,"s:17:25:25:Infinity":1,"s:39:17:39:Infinity":2,"s:41:50:51:Infinity":3,"f:53:9:53:24":0,"s:54:15:54:Infinity":4,"s:55:1:55:Infinity":5,"f:55:36:55:37":1,"s:55:49:55:72":6,"f:58:9:58:18":2,"s:59:1:59:Infinity":7,"b:59:8:59:37:59:37:59:55:59:55:59:Infinity":0,"f:62:9:62:21":3,"b:63:1:69:Infinity:undefined:undefined:undefined:undefined":1,"s:63:1:69:Infinity":8,"s:64:42:64:Infinity":9,"s:65:2:67:Infinity":10,"s:66:3:66:Infinity":11,"b:66:35:66:46:66:46:66:Infinity":2,"s:68:2:68:Infinity":12,"b:70:1:72:Infinity:undefined:undefined:undefined:undefined":3,"s:70:1:72:Infinity":13,"s:71:2:71:Infinity":14,"s:73:1:73:Infinity":15,"f:76:9:76:28":4,"s:77:1:77:Infinity":16,"f:80:9:80:19":5,"s:81:1:81:Infinity":17,"f:84:15:84:42":6,"s:85:1:85:Infinity":18,"f:88:22:88:26":7,"s:89:1:89:Infinity":19,"s:90:27:98:Infinity":20,"s:99:14:99:Infinity":21,"s:100:1:100:Infinity":22,"f:103:22:103:33":8,"b:103:59:103:86":4,"s:104:1:104:Infinity":23,"s:106:1:113:Infinity":24,"s:107:2:107:Infinity":25,"b:109:2:111:Infinity:undefined:undefined:undefined:undefined":5,"s:109:2:111:Infinity":26,"b:109:6:109:30:109:30:109:47:109:47:109:70":6,"s:110:3:110:Infinity":27,"s:112:2:112:Infinity":28,"s:114:15:114:Infinity":29,"f:114:38:114:39":9,"s:114:48:114:63":30,"s:115:31:115:Infinity":31,"s:116:1:121:Infinity":32,"s:117:17:117:Infinity":33,"b:118:2:120:Infinity:undefined:undefined:undefined:undefined":7,"s:118:2:120:Infinity":34,"s:119:3:119:Infinity":35,"s:122:1:122:Infinity":36},"fnNames":{}}}
,"/home/beznet/Workspace/edapex/src/lib/server/mastra/provider/admin-model-overrides.ts": {"path":"/home/beznet/Workspace/edapex/src/lib/server/mastra/provider/admin-model-overrides.ts","statementMap":{"0":{"start":{"line":25,"column":43},"end":{"line":25,"column":null}},"1":{"start":{"line":28,"column":14},"end":{"line":28,"column":null}},"2":{"start":{"line":28,"column":50},"end":{"line":28,"column":54}},"3":{"start":{"line":29,"column":1},"end":{"line":29,"column":null}},"4":{"start":{"line":29,"column":39},"end":{"line":29,"column":48}},"5":{"start":{"line":30,"column":1},"end":{"line":30,"column":null}},"6":{"start":{"line":45,"column":14},"end":{"line":48,"column":null}},"7":{"start":{"line":49,"column":1},"end":{"line":55,"column":null}},"8":{"start":{"line":49,"column":27},"end":{"line":55,"column":3}},"9":{"start":{"line":70,"column":1},"end":{"line":104,"column":null}},"10":{"start":{"line":71,"column":19},"end":{"line":83,"column":null}},"11":{"start":{"line":84,"column":2},"end":{"line":92,"column":null}},"12":{"start":{"line":85,"column":3},"end":{"line":90,"column":null}},"13":{"start":{"line":86,"column":4},"end":{"line":89,"column":null}},"14":{"start":{"line":91,"column":3},"end":{"line":91,"column":null}},"15":{"start":{"line":93,"column":21},"end":{"line":102,"column":null}},"16":{"start":{"line":103,"column":2},"end":{"line":103,"column":null}},"17":{"start":{"line":113,"column":1},"end":{"line":123,"column":null}},"18":{"start":{"line":124,"column":1},"end":{"line":124,"column":null}},"19":{"start":{"line":136,"column":17},"end":{"line":136,"column":null}},"20":{"start":{"line":137,"column":1},"end":{"line":143,"column":null}},"21":{"start":{"line":138,"column":2},"end":{"line":142,"column":null}},"22":{"start":{"line":139,"column":3},"end":{"line":139,"column":null}},"23":{"start":{"line":141,"column":3},"end":{"line":141,"column":null}},"24":{"start":{"line":144,"column":1},"end":{"line":148,"column":null}},"25":{"start":{"line":145,"column":2},"end":{"line":145,"column":null}},"26":{"start":{"line":145,"column":51},"end":{"line":145,"column":null}},"27":{"start":{"line":146,"column":2},"end":{"line":146,"column":null}},"28":{"start":{"line":146,"column":59},"end":{"line":146,"column":null}},"29":{"start":{"line":147,"column":2},"end":{"line":147,"column":null}}},"fnMap":{"0":{"name":"runAdminOverrideMutation","decl":{"start":{"line":27,"column":9},"end":{"line":27,"column":37}},"loc":{"start":{"line":27,"column":71},"end":{"line":31,"column":null}},"line":27},"1":{"name":"(anonymous_1)","decl":{"start":{"line":28,"column":38},"end":{"line":28,"column":50}},"loc":{"start":{"line":28,"column":50},"end":{"line":28,"column":54}},"line":28},"2":{"name":"(anonymous_2)","decl":{"start":{"line":29,"column":33},"end":{"line":29,"column":39}},"loc":{"start":{"line":29,"column":39},"end":{"line":29,"column":48}},"line":29},"3":{"name":"listAdminOverrides","decl":{"start":{"line":41,"column":22},"end":{"line":41,"column":null}},"loc":{"start":{"line":44,"column":33},"end":{"line":56,"column":null}},"line":44},"4":{"name":"(anonymous_4)","decl":{"start":{"line":49,"column":17},"end":{"line":49,"column":18}},"loc":{"start":{"line":49,"column":27},"end":{"line":55,"column":3}},"line":49},"5":{"name":"disableModelOrProvider","decl":{"start":{"line":62,"column":22},"end":{"line":62,"column":null}},"loc":{"start":{"line":69,"column":38},"end":{"line":105,"column":null}},"line":69},"6":{"name":"(anonymous_6)","decl":{"start":{"line":70,"column":33},"end":{"line":70,"column":45}},"loc":{"start":{"line":70,"column":45},"end":{"line":104,"column":2}},"line":70},"7":{"name":"enableModelOrProvider","decl":{"start":{"line":107,"column":22},"end":{"line":107,"column":null}},"loc":{"start":{"line":112,"column":20},"end":{"line":125,"column":null}},"line":112},"8":{"name":"applyAdminDenylist","decl":{"start":{"line":132,"column":16},"end":{"line":132,"column":null}},"loc":{"start":{"line":135,"column":7},"end":{"line":149,"column":null}},"line":135},"9":{"name":"(anonymous_9)","decl":{"start":{"line":144,"column":23},"end":{"line":144,"column":24}},"loc":{"start":{"line":144,"column":34},"end":{"line":148,"column":2}},"line":144}},"branchMap":{"0":{"loc":{"start":{"line":78,"column":5},"end":{"line":80,"column":null}},"type":"cond-expr","locations":[{"start":{"line":78,"column":17},"end":{"line":79,"column":null}},{"start":{"line":79,"column":42},"end":{"line":80,"column":null}}],"line":78},"1":{"loc":{"start":{"line":84,"column":2},"end":{"line":92,"column":null}},"type":"if","locations":[{"start":{"line":84,"column":2},"end":{"line":92,"column":null}},{"start":{},"end":{}}],"line":84},"2":{"loc":{"start":{"line":85,"column":3},"end":{"line":90,"column":null}},"type":"if","locations":[{"start":{"line":85,"column":3},"end":{"line":90,"column":null}},{"start":{},"end":{}}],"line":85},"3":{"loc":{"start":{"line":85,"column":7},"end":{"line":85,"column":57}},"type":"binary-expr","locations":[{"start":{"line":85,"column":7},"end":{"line":85,"column":26}},{"start":{"line":85,"column":26},"end":{"line":85,"column":57}}],"line":85},"4":{"loc":{"start":{"line":91,"column":36},"end":{"line":91,"column":65}},"type":"binary-expr","locations":[{"start":{"line":91,"column":36},"end":{"line":91,"column":46}},{"start":{"line":91,"column":46},"end":{"line":91,"column":65}}],"line":91},"5":{"loc":{"start":{"line":103,"column":9},"end":{"line":103,"column":null}},"type":"binary-expr","locations":[{"start":{"line":103,"column":9},"end":{"line":103,"column":21}},{"start":{"line":103,"column":21},"end":{"line":103,"column":null}}],"line":103},"6":{"loc":{"start":{"line":119,"column":4},"end":{"line":121,"column":null}},"type":"cond-expr","locations":[{"start":{"line":119,"column":16},"end":{"line":120,"column":null}},{"start":{"line":120,"column":41},"end":{"line":121,"column":null}}],"line":119},"7":{"loc":{"start":{"line":138,"column":2},"end":{"line":142,"column":null}},"type":"if","locations":[{"start":{"line":138,"column":2},"end":{"line":142,"column":null}},{"start":{"line":140,"column":9},"end":{"line":142,"column":null}}],"line":138},"8":{"loc":{"start":{"line":145,"column":2},"end":{"line":145,"column":null}},"type":"if","locations":[{"start":{"line":145,"column":2},"end":{"line":145,"column":null}},{"start":{},"end":{}}],"line":145},"9":{"loc":{"start":{"line":146,"column":2},"end":{"line":146,"column":null}},"type":"if","locations":[{"start":{"line":146,"column":2},"end":{"line":146,"column":null}},{"start":{},"end":{}}],"line":146}},"s":{"0":5,"1":14,"2":14,"3":14,"4":0,"5":14,"6":9,"7":9,"8":8,"9":14,"10":14,"11":14,"12":2,"13":1,"14":2,"15":12,"16":12,"17":2,"18":2,"19":1,"20":1,"21":2,"22":1,"23":1,"24":1,"25":3,"26":2,"27":1,"28":1,"29":0},"f":{"0":14,"1":14,"2":0,"3":9,"4":8,"5":14,"6":14,"7":2,"8":1,"9":3},"b":{"0":[3,11],"1":[2,12],"2":[1,1],"3":[2,1],"4":[2,1],"5":[12,0],"6":[1,1],"7":[1,1],"8":[2,1],"9":[1,0]},"meta":{"lastBranch":10,"lastFunction":10,"lastStatement":30,"seen":{"s:25:43:25:Infinity":0,"f:27:9:27:37":0,"s:28:14:28:Infinity":1,"f:28:38:28:50":1,"s:28:50:28:54":2,"s:29:1:29:Infinity":3,"f:29:33:29:39":2,"s:29:39:29:48":4,"s:30:1:30:Infinity":5,"f:41:22:41:Infinity":3,"s:45:14:48:Infinity":6,"s:49:1:55:Infinity":7,"f:49:17:49:18":4,"s:49:27:55:3":8,"f:62:22:62:Infinity":5,"s:70:1:104:Infinity":9,"f:70:33:70:45":6,"s:71:19:83:Infinity":10,"b:78:17:79:Infinity:79:42:80:Infinity":0,"b:84:2:92:Infinity:undefined:undefined:undefined:undefined":1,"s:84:2:92:Infinity":11,"b:85:3:90:Infinity:undefined:undefined:undefined:undefined":2,"s:85:3:90:Infinity":12,"b:85:7:85:26:85:26:85:57":3,"s:86:4:89:Infinity":13,"s:91:3:91:Infinity":14,"b:91:36:91:46:91:46:91:65":4,"s:93:21:102:Infinity":15,"s:103:2:103:Infinity":16,"b:103:9:103:21:103:21:103:Infinity":5,"f:107:22:107:Infinity":7,"s:113:1:123:Infinity":17,"b:119:16:120:Infinity:120:41:121:Infinity":6,"s:124:1:124:Infinity":18,"f:132:16:132:Infinity":8,"s:136:17:136:Infinity":19,"s:137:1:143:Infinity":20,"b:138:2:142:Infinity:140:9:142:Infinity":7,"s:138:2:142:Infinity":21,"s:139:3:139:Infinity":22,"s:141:3:141:Infinity":23,"s:144:1:148:Infinity":24,"f:144:23:144:24":9,"b:145:2:145:Infinity:undefined:undefined:undefined:undefined":8,"s:145:2:145:Infinity":25,"s:145:51:145:Infinity":26,"b:146:2:146:Infinity:undefined:undefined:undefined:undefined":9,"s:146:2:146:Infinity":27,"s:146:59:146:Infinity":28,"s:147:2:147:Infinity":29},"fnNames":{}}}
,"/home/beznet/Workspace/edapex/src/lib/server/mastra/provider/availability.ts": {"path":"/home/beznet/Workspace/edapex/src/lib/server/mastra/provider/availability.ts","statementMap":{"0":{"start":{"line":26,"column":1},"end":{"line":26,"column":null}},"1":{"start":{"line":35,"column":24},"end":{"line":38,"column":null}},"2":{"start":{"line":40,"column":19},"end":{"line":40,"column":null}},"3":{"start":{"line":41,"column":24},"end":{"line":41,"column":null}},"4":{"start":{"line":43,"column":38},"end":{"line":43,"column":null}},"5":{"start":{"line":44,"column":17},"end":{"line":44,"column":null}},"6":{"start":{"line":45,"column":25},"end":{"line":45,"column":null}},"7":{"start":{"line":47,"column":1},"end":{"line":61,"column":null}},"8":{"start":{"line":48,"column":2},"end":{"line":48,"column":null}},"9":{"start":{"line":48,"column":25},"end":{"line":48,"column":null}},"10":{"start":{"line":49,"column":21},"end":{"line":49,"column":null}},"11":{"start":{"line":51,"column":21},"end":{"line":51,"column":null}},"12":{"start":{"line":52,"column":27},"end":{"line":52,"column":null}},"13":{"start":{"line":54,"column":2},"end":{"line":60,"column":null}},"14":{"start":{"line":55,"column":3},"end":{"line":55,"column":null}},"15":{"start":{"line":55,"column":32},"end":{"line":55,"column":null}},"16":{"start":{"line":56,"column":3},"end":{"line":56,"column":null}},"17":{"start":{"line":56,"column":30},"end":{"line":56,"column":null}},"18":{"start":{"line":57,"column":3},"end":{"line":57,"column":null}},"19":{"start":{"line":58,"column":3},"end":{"line":58,"column":null}},"20":{"start":{"line":59,"column":3},"end":{"line":59,"column":null}},"21":{"start":{"line":63,"column":1},"end":{"line":74,"column":null}},"22":{"start":{"line":64,"column":2},"end":{"line":64,"column":null}},"23":{"start":{"line":64,"column":39},"end":{"line":64,"column":null}},"24":{"start":{"line":65,"column":17},"end":{"line":65,"column":null}},"25":{"start":{"line":66,"column":2},"end":{"line":66,"column":null}},"26":{"start":{"line":66,"column":20},"end":{"line":66,"column":null}},"27":{"start":{"line":67,"column":2},"end":{"line":73,"column":null}},"28":{"start":{"line":68,"column":3},"end":{"line":68,"column":null}},"29":{"start":{"line":68,"column":40},"end":{"line":68,"column":null}},"30":{"start":{"line":69,"column":3},"end":{"line":69,"column":null}},"31":{"start":{"line":69,"column":32},"end":{"line":69,"column":null}},"32":{"start":{"line":70,"column":3},"end":{"line":70,"column":null}},"33":{"start":{"line":70,"column":30},"end":{"line":70,"column":null}},"34":{"start":{"line":71,"column":3},"end":{"line":71,"column":null}},"35":{"start":{"line":72,"column":3},"end":{"line":72,"column":null}},"36":{"start":{"line":76,"column":1},"end":{"line":81,"column":null}},"37":{"start":{"line":77,"column":19},"end":{"line":77,"column":null}},"38":{"start":{"line":78,"column":19},"end":{"line":78,"column":null}},"39":{"start":{"line":79,"column":2},"end":{"line":79,"column":null}},"40":{"start":{"line":79,"column":29},"end":{"line":79,"column":null}},"41":{"start":{"line":80,"column":2},"end":{"line":80,"column":null}},"42":{"start":{"line":83,"column":7},"end":{"line":86,"column":null}},"43":{"start":{"line":84,"column":25},"end":{"line":84,"column":77}},"44":{"start":{"line":87,"column":20},"end":{"line":87,"column":null}},"45":{"start":{"line":87,"column":52},"end":{"line":87,"column":91}},"46":{"start":{"line":88,"column":1},"end":{"line":88,"column":null}},"47":{"start":{"line":88,"column":33},"end":{"line":88,"column":83}},"48":{"start":{"line":91,"column":45},"end":{"line":91,"column":null}}},"fnMap":{"0":{"name":"isBuiltinModel","decl":{"start":{"line":25,"column":9},"end":{"line":25,"column":24}},"loc":{"start":{"line":25,"column":51},"end":{"line":27,"column":null}},"line":25},"1":{"name":"getAvailableModelsForUser","decl":{"start":{"line":29,"column":22},"end":{"line":29,"column":null}},"loc":{"start":{"line":34,"column":33},"end":{"line":89,"column":null}},"line":34},"2":{"name":"(anonymous_2)","decl":{"start":{"line":76,"column":13},"end":{"line":76,"column":14}},"loc":{"start":{"line":76,"column":23},"end":{"line":81,"column":2}},"line":76},"3":{"name":"(anonymous_3)","decl":{"start":{"line":84,"column":13},"end":{"line":84,"column":14}},"loc":{"start":{"line":84,"column":25},"end":{"line":84,"column":77}},"line":84},"4":{"name":"(anonymous_4)","decl":{"start":{"line":87,"column":41},"end":{"line":87,"column":42}},"loc":{"start":{"line":87,"column":52},"end":{"line":87,"column":91}},"line":87},"5":{"name":"(anonymous_5)","decl":{"start":{"line":88,"column":22},"end":{"line":88,"column":23}},"loc":{"start":{"line":88,"column":33},"end":{"line":88,"column":83}},"line":88}},"branchMap":{"0":{"loc":{"start":{"line":33,"column":1},"end":{"line":33,"column":null}},"type":"default-arg","locations":[{"start":{"line":33,"column":20},"end":{"line":33,"column":null}}],"line":33},"1":{"loc":{"start":{"line":48,"column":2},"end":{"line":48,"column":null}},"type":"if","locations":[{"start":{"line":48,"column":2},"end":{"line":48,"column":null}},{"start":{},"end":{}}],"line":48},"2":{"loc":{"start":{"line":52,"column":27},"end":{"line":52,"column":null}},"type":"cond-expr","locations":[{"start":{"line":52,"column":51},"end":{"line":52,"column":64}},{"start":{"line":52,"column":51},"end":{"line":52,"column":null}}],"line":52},"3":{"loc":{"start":{"line":55,"column":3},"end":{"line":55,"column":null}},"type":"if","locations":[{"start":{"line":55,"column":3},"end":{"line":55,"column":null}},{"start":{},"end":{}}],"line":55},"4":{"loc":{"start":{"line":56,"column":3},"end":{"line":56,"column":null}},"type":"if","locations":[{"start":{"line":56,"column":3},"end":{"line":56,"column":null}},{"start":{},"end":{}}],"line":56},"5":{"loc":{"start":{"line":64,"column":2},"end":{"line":64,"column":null}},"type":"if","locations":[{"start":{"line":64,"column":2},"end":{"line":64,"column":null}},{"start":{},"end":{}}],"line":64},"6":{"loc":{"start":{"line":66,"column":2},"end":{"line":66,"column":null}},"type":"if","locations":[{"start":{"line":66,"column":2},"end":{"line":66,"column":null}},{"start":{},"end":{}}],"line":66},"7":{"loc":{"start":{"line":68,"column":3},"end":{"line":68,"column":null}},"type":"if","locations":[{"start":{"line":68,"column":3},"end":{"line":68,"column":null}},{"start":{},"end":{}}],"line":68},"8":{"loc":{"start":{"line":69,"column":3},"end":{"line":69,"column":null}},"type":"if","locations":[{"start":{"line":69,"column":3},"end":{"line":69,"column":null}},{"start":{},"end":{}}],"line":69},"9":{"loc":{"start":{"line":70,"column":3},"end":{"line":70,"column":null}},"type":"if","locations":[{"start":{"line":70,"column":3},"end":{"line":70,"column":null}},{"start":{},"end":{}}],"line":70},"10":{"loc":{"start":{"line":77,"column":19},"end":{"line":77,"column":null}},"type":"cond-expr","locations":[{"start":{"line":77,"column":39},"end":{"line":77,"column":43}},{"start":{"line":77,"column":43},"end":{"line":77,"column":null}}],"line":77},"11":{"loc":{"start":{"line":78,"column":19},"end":{"line":78,"column":null}},"type":"cond-expr","locations":[{"start":{"line":78,"column":39},"end":{"line":78,"column":43}},{"start":{"line":78,"column":43},"end":{"line":78,"column":null}}],"line":78},"12":{"loc":{"start":{"line":79,"column":2},"end":{"line":79,"column":null}},"type":"if","locations":[{"start":{"line":79,"column":2},"end":{"line":79,"column":null}},{"start":{},"end":{}}],"line":79}},"s":{"0":50,"1":6,"2":6,"3":6,"4":6,"5":6,"6":6,"7":6,"8":5,"9":1,"10":4,"11":4,"12":4,"13":5,"14":13,"15":0,"16":13,"17":0,"18":13,"19":13,"20":13,"21":6,"22":24,"23":4,"24":20,"25":20,"26":18,"27":2,"28":32,"29":24,"30":8,"31":0,"32":8,"33":0,"34":8,"35":8,"36":6,"37":25,"38":25,"39":25,"40":0,"41":25,"42":6,"43":21,"44":6,"45":17,"46":6,"47":21,"48":3},"f":{"0":50,"1":6,"2":25,"3":21,"4":17,"5":21},"b":{"0":[6],"1":[1,4],"2":[1,3],"3":[0,13],"4":[0,13],"5":[4,20],"6":[18,2],"7":[24,8],"8":[0,8],"9":[0,8],"10":[25,0],"11":[25,0],"12":[0,25]},"meta":{"lastBranch":13,"lastFunction":6,"lastStatement":49,"seen":{"f:25:9:25:24":0,"s:26:1:26:Infinity":0,"f:29:22:29:Infinity":1,"b:33:20:33:Infinity":0,"s:35:24:38:Infinity":1,"s:40:19:40:Infinity":2,"s:41:24:41:Infinity":3,"s:43:38:43:Infinity":4,"s:44:17:44:Infinity":5,"s:45:25:45:Infinity":6,"s:47:1:61:Infinity":7,"b:48:2:48:Infinity:undefined:undefined:undefined:undefined":1,"s:48:2:48:Infinity":8,"s:48:25:48:Infinity":9,"s:49:21:49:Infinity":10,"s:51:21:51:Infinity":11,"s:52:27:52:Infinity":12,"b:52:51:52:64:52:51:52:Infinity":2,"s:54:2:60:Infinity":13,"b:55:3:55:Infinity:undefined:undefined:undefined:undefined":3,"s:55:3:55:Infinity":14,"s:55:32:55:Infinity":15,"b:56:3:56:Infinity:undefined:undefined:undefined:undefined":4,"s:56:3:56:Infinity":16,"s:56:30:56:Infinity":17,"s:57:3:57:Infinity":18,"s:58:3:58:Infinity":19,"s:59:3:59:Infinity":20,"s:63:1:74:Infinity":21,"b:64:2:64:Infinity:undefined:undefined:undefined:undefined":5,"s:64:2:64:Infinity":22,"s:64:39:64:Infinity":23,"s:65:17:65:Infinity":24,"b:66:2:66:Infinity:undefined:undefined:undefined:undefined":6,"s:66:2:66:Infinity":25,"s:66:20:66:Infinity":26,"s:67:2:73:Infinity":27,"b:68:3:68:Infinity:undefined:undefined:undefined:undefined":7,"s:68:3:68:Infinity":28,"s:68:40:68:Infinity":29,"b:69:3:69:Infinity:undefined:undefined:undefined:undefined":8,"s:69:3:69:Infinity":30,"s:69:32:69:Infinity":31,"b:70:3:70:Infinity:undefined:undefined:undefined:undefined":9,"s:70:3:70:Infinity":32,"s:70:30:70:Infinity":33,"s:71:3:71:Infinity":34,"s:72:3:72:Infinity":35,"s:76:1:81:Infinity":36,"f:76:13:76:14":2,"s:77:19:77:Infinity":37,"b:77:39:77:43:77:43:77:Infinity":10,"s:78:19:78:Infinity":38,"b:78:39:78:43:78:43:78:Infinity":11,"b:79:2:79:Infinity:undefined:undefined:undefined:undefined":12,"s:79:2:79:Infinity":39,"s:79:29:79:Infinity":40,"s:80:2:80:Infinity":41,"s:83:7:86:Infinity":42,"f:84:13:84:14":3,"s:84:25:84:77":43,"s:87:20:87:Infinity":44,"f:87:41:87:42":4,"s:87:52:87:91":45,"s:88:1:88:Infinity":46,"f:88:22:88:23":5,"s:88:33:88:83":47,"s:91:45:91:Infinity":48},"fnNames":{}}}
,"/home/beznet/Workspace/edapex/src/lib/server/mastra/provider/cache.ts": {"path":"/home/beznet/Workspace/edapex/src/lib/server/mastra/provider/cache.ts","statementMap":{"0":{"start":{"line":27,"column":16},"end":{"line":27,"column":null}},"1":{"start":{"line":30,"column":29},"end":{"line":34,"column":null}},"2":{"start":{"line":35,"column":1},"end":{"line":35,"column":null}},"3":{"start":{"line":35,"column":39},"end":{"line":35,"column":43}},"4":{"start":{"line":39,"column":1},"end":{"line":39,"column":null}},"5":{"start":{"line":43,"column":1},"end":{"line":43,"column":null}},"6":{"start":{"line":47,"column":1},"end":{"line":47,"column":null}},"7":{"start":{"line":51,"column":1},"end":{"line":51,"column":null}},"8":{"start":{"line":60,"column":15},"end":{"line":60,"column":null}},"9":{"start":{"line":61,"column":1},"end":{"line":63,"column":null}},"10":{"start":{"line":62,"column":2},"end":{"line":62,"column":null}},"11":{"start":{"line":64,"column":13},"end":{"line":64,"column":null}},"12":{"start":{"line":65,"column":16},"end":{"line":65,"column":null}},"13":{"start":{"line":66,"column":1},"end":{"line":66,"column":null}},"14":{"start":{"line":66,"column":27},"end":{"line":66,"column":null}},"15":{"start":{"line":67,"column":17},"end":{"line":67,"column":null}},"16":{"start":{"line":68,"column":1},"end":{"line":68,"column":null}},"17":{"start":{"line":69,"column":1},"end":{"line":69,"column":null}},"18":{"start":{"line":76,"column":15},"end":{"line":76,"column":null}},"19":{"start":{"line":77,"column":1},"end":{"line":79,"column":null}},"20":{"start":{"line":78,"column":2},"end":{"line":78,"column":null}},"21":{"start":{"line":80,"column":13},"end":{"line":80,"column":null}},"22":{"start":{"line":81,"column":16},"end":{"line":81,"column":null}},"23":{"start":{"line":82,"column":1},"end":{"line":82,"column":null}},"24":{"start":{"line":82,"column":27},"end":{"line":82,"column":null}},"25":{"start":{"line":83,"column":17},"end":{"line":83,"column":null}},"26":{"start":{"line":84,"column":1},"end":{"line":84,"column":null}},"27":{"start":{"line":85,"column":1},"end":{"line":85,"column":null}},"28":{"start":{"line":92,"column":15},"end":{"line":92,"column":null}},"29":{"start":{"line":93,"column":1},"end":{"line":95,"column":null}},"30":{"start":{"line":94,"column":2},"end":{"line":94,"column":null}},"31":{"start":{"line":96,"column":13},"end":{"line":96,"column":null}},"32":{"start":{"line":97,"column":16},"end":{"line":97,"column":null}},"33":{"start":{"line":98,"column":1},"end":{"line":98,"column":null}},"34":{"start":{"line":98,"column":27},"end":{"line":98,"column":null}},"35":{"start":{"line":99,"column":17},"end":{"line":99,"column":null}},"36":{"start":{"line":100,"column":1},"end":{"line":100,"column":null}},"37":{"start":{"line":101,"column":1},"end":{"line":101,"column":null}},"38":{"start":{"line":109,"column":15},"end":{"line":109,"column":null}},"39":{"start":{"line":110,"column":1},"end":{"line":110,"column":null}},"40":{"start":{"line":110,"column":13},"end":{"line":110,"column":null}},"41":{"start":{"line":111,"column":1},"end":{"line":111,"column":null}},"42":{"start":{"line":115,"column":15},"end":{"line":115,"column":null}},"43":{"start":{"line":116,"column":1},"end":{"line":116,"column":null}},"44":{"start":{"line":116,"column":13},"end":{"line":116,"column":null}},"45":{"start":{"line":117,"column":1},"end":{"line":117,"column":null}},"46":{"start":{"line":121,"column":15},"end":{"line":121,"column":null}},"47":{"start":{"line":122,"column":1},"end":{"line":122,"column":null}},"48":{"start":{"line":122,"column":13},"end":{"line":122,"column":null}},"49":{"start":{"line":123,"column":1},"end":{"line":123,"column":null}}},"fnMap":{"0":{"name":"runWithCache","decl":{"start":{"line":29,"column":16},"end":{"line":29,"column":32}},"loc":{"start":{"line":29,"column":70},"end":{"line":36,"column":null}},"line":29},"1":{"name":"(anonymous_1)","decl":{"start":{"line":35,"column":27},"end":{"line":35,"column":39}},"loc":{"start":{"line":35,"column":39},"end":{"line":35,"column":43}},"line":35},"2":{"name":"getRequestCache","decl":{"start":{"line":38,"column":16},"end":{"line":38,"column":60}},"loc":{"start":{"line":38,"column":60},"end":{"line":40,"column":null}},"line":38},"3":{"name":"credentialKey","decl":{"start":{"line":42,"column":9},"end":{"line":42,"column":23}},"loc":{"start":{"line":42,"column":71},"end":{"line":44,"column":null}},"line":42},"4":{"name":"visibilityKey","decl":{"start":{"line":46,"column":9},"end":{"line":46,"column":23}},"loc":{"start":{"line":46,"column":47},"end":{"line":48,"column":null}},"line":46},"5":{"name":"potluckKey","decl":{"start":{"line":50,"column":9},"end":{"line":50,"column":20}},"loc":{"start":{"line":50,"column":46},"end":{"line":52,"column":null}},"line":50},"6":{"name":"getCachedUserCredential","decl":{"start":{"line":54,"column":22},"end":{"line":54,"column":null}},"loc":{"start":{"line":59,"column":34},"end":{"line":70,"column":null}},"line":59},"7":{"name":"getCachedHiddenModelIdsForUser","decl":{"start":{"line":72,"column":22},"end":{"line":72,"column":null}},"loc":{"start":{"line":75,"column":25},"end":{"line":86,"column":null}},"line":75},"8":{"name":"getCachedPotluckConfig","decl":{"start":{"line":88,"column":22},"end":{"line":88,"column":null}},"loc":{"start":{"line":91,"column":33},"end":{"line":102,"column":null}},"line":91},"9":{"name":"invalidateCachedCredential","decl":{"start":{"line":108,"column":16},"end":{"line":108,"column":43}},"loc":{"start":{"line":108,"column":89},"end":{"line":112,"column":null}},"line":108},"10":{"name":"invalidateCachedPotluckConfig","decl":{"start":{"line":114,"column":16},"end":{"line":114,"column":46}},"loc":{"start":{"line":114,"column":70},"end":{"line":118,"column":null}},"line":114},"11":{"name":"invalidateCachedVisibility","decl":{"start":{"line":120,"column":16},"end":{"line":120,"column":43}},"loc":{"start":{"line":120,"column":65},"end":{"line":124,"column":null}},"line":120}},"branchMap":{"0":{"loc":{"start":{"line":61,"column":1},"end":{"line":63,"column":null}},"type":"if","locations":[{"start":{"line":61,"column":1},"end":{"line":63,"column":null}},{"start":{},"end":{}}],"line":61},"1":{"loc":{"start":{"line":66,"column":1},"end":{"line":66,"column":null}},"type":"if","locations":[{"start":{"line":66,"column":1},"end":{"line":66,"column":null}},{"start":{},"end":{}}],"line":66},"2":{"loc":{"start":{"line":77,"column":1},"end":{"line":79,"column":null}},"type":"if","locations":[{"start":{"line":77,"column":1},"end":{"line":79,"column":null}},{"start":{},"end":{}}],"line":77},"3":{"loc":{"start":{"line":82,"column":1},"end":{"line":82,"column":null}},"type":"if","locations":[{"start":{"line":82,"column":1},"end":{"line":82,"column":null}},{"start":{},"end":{}}],"line":82},"4":{"loc":{"start":{"line":93,"column":1},"end":{"line":95,"column":null}},"type":"if","locations":[{"start":{"line":93,"column":1},"end":{"line":95,"column":null}},{"start":{},"end":{}}],"line":93},"5":{"loc":{"start":{"line":98,"column":1},"end":{"line":98,"column":null}},"type":"if","locations":[{"start":{"line":98,"column":1},"end":{"line":98,"column":null}},{"start":{},"end":{}}],"line":98},"6":{"loc":{"start":{"line":110,"column":1},"end":{"line":110,"column":null}},"type":"if","locations":[{"start":{"line":110,"column":1},"end":{"line":110,"column":null}},{"start":{},"end":{}}],"line":110},"7":{"loc":{"start":{"line":116,"column":1},"end":{"line":116,"column":null}},"type":"if","locations":[{"start":{"line":116,"column":1},"end":{"line":116,"column":null}},{"start":{},"end":{}}],"line":116},"8":{"loc":{"start":{"line":122,"column":1},"end":{"line":122,"column":null}},"type":"if","locations":[{"start":{"line":122,"column":1},"end":{"line":122,"column":null}},{"start":{},"end":{}}],"line":122}},"s":{"0":7,"1":12,"2":12,"3":12,"4":81,"5":14,"6":5,"7":5,"8":49,"9":49,"10":36,"11":13,"12":13,"13":13,"14":4,"15":9,"16":9,"17":9,"18":11,"19":11,"20":7,"21":4,"22":4,"23":4,"24":1,"25":3,"26":3,"27":3,"28":17,"29":17,"30":13,"31":4,"32":4,"33":4,"34":1,"35":3,"36":3,"37":3,"38":1,"39":1,"40":0,"41":1,"42":1,"43":1,"44":0,"45":1,"46":1,"47":1,"48":0,"49":1},"f":{"0":12,"1":12,"2":81,"3":14,"4":5,"5":5,"6":49,"7":11,"8":17,"9":1,"10":1,"11":1},"b":{"0":[36,13],"1":[4,9],"2":[7,4],"3":[1,3],"4":[13,4],"5":[1,3],"6":[0,1],"7":[0,1],"8":[0,1]},"meta":{"lastBranch":9,"lastFunction":12,"lastStatement":50,"seen":{"s:27:16:27:Infinity":0,"f:29:16:29:32":0,"s:30:29:34:Infinity":1,"s:35:1:35:Infinity":2,"f:35:27:35:39":1,"s:35:39:35:43":3,"f:38:16:38:60":2,"s:39:1:39:Infinity":4,"f:42:9:42:23":3,"s:43:1:43:Infinity":5,"f:46:9:46:23":4,"s:47:1:47:Infinity":6,"f:50:9:50:20":5,"s:51:1:51:Infinity":7,"f:54:22:54:Infinity":6,"s:60:15:60:Infinity":8,"b:61:1:63:Infinity:undefined:undefined:undefined:undefined":0,"s:61:1:63:Infinity":9,"s:62:2:62:Infinity":10,"s:64:13:64:Infinity":11,"s:65:16:65:Infinity":12,"b:66:1:66:Infinity:undefined:undefined:undefined:undefined":1,"s:66:1:66:Infinity":13,"s:66:27:66:Infinity":14,"s:67:17:67:Infinity":15,"s:68:1:68:Infinity":16,"s:69:1:69:Infinity":17,"f:72:22:72:Infinity":7,"s:76:15:76:Infinity":18,"b:77:1:79:Infinity:undefined:undefined:undefined:undefined":2,"s:77:1:79:Infinity":19,"s:78:2:78:Infinity":20,"s:80:13:80:Infinity":21,"s:81:16:81:Infinity":22,"b:82:1:82:Infinity:undefined:undefined:undefined:undefined":3,"s:82:1:82:Infinity":23,"s:82:27:82:Infinity":24,"s:83:17:83:Infinity":25,"s:84:1:84:Infinity":26,"s:85:1:85:Infinity":27,"f:88:22:88:Infinity":8,"s:92:15:92:Infinity":28,"b:93:1:95:Infinity:undefined:undefined:undefined:undefined":4,"s:93:1:95:Infinity":29,"s:94:2:94:Infinity":30,"s:96:13:96:Infinity":31,"s:97:16:97:Infinity":32,"b:98:1:98:Infinity:undefined:undefined:undefined:undefined":5,"s:98:1:98:Infinity":33,"s:98:27:98:Infinity":34,"s:99:17:99:Infinity":35,"s:100:1:100:Infinity":36,"s:101:1:101:Infinity":37,"f:108:16:108:43":9,"s:109:15:109:Infinity":38,"b:110:1:110:Infinity:undefined:undefined:undefined:undefined":6,"s:110:1:110:Infinity":39,"s:110:13:110:Infinity":40,"s:111:1:111:Infinity":41,"f:114:16:114:46":10,"s:115:15:115:Infinity":42,"b:116:1:116:Infinity:undefined:undefined:undefined:undefined":7,"s:116:1:116:Infinity":43,"s:116:13:116:Infinity":44,"s:117:1:117:Infinity":45,"f:120:16:120:43":11,"s:121:15:121:Infinity":46,"b:122:1:122:Infinity:undefined:undefined:undefined:undefined":8,"s:122:1:122:Infinity":47,"s:122:13:122:Infinity":48,"s:123:1:123:Infinity":49},"fnNames":{}}}
,"/home/beznet/Workspace/edapex/src/lib/server/mastra/provider/credentials.ts": {"path":"/home/beznet/Workspace/edapex/src/lib/server/mastra/provider/credentials.ts","statementMap":{"0":{"start":{"line":42,"column":38},"end":{"line":55,"column":null}},"1":{"start":{"line":63,"column":19},"end":{"line":63,"column":null}},"2":{"start":{"line":64,"column":7},"end":{"line":64,"column":null}},"3":{"start":{"line":65,"column":18},"end":{"line":65,"column":null}},"4":{"start":{"line":67,"column":36},"end":{"line":67,"column":null}},"5":{"start":{"line":69,"column":1},"end":{"line":87,"column":null}},"6":{"start":{"line":70,"column":2},"end":{"line":76,"column":null}},"7":{"start":{"line":71,"column":3},"end":{"line":71,"column":null}},"8":{"start":{"line":72,"column":2},"end":{"line":76,"column":null}},"9":{"start":{"line":73,"column":3},"end":{"line":73,"column":null}},"10":{"start":{"line":75,"column":3},"end":{"line":75,"column":null}},"11":{"start":{"line":77,"column":1},"end":{"line":87,"column":null}},"12":{"start":{"line":78,"column":16},"end":{"line":78,"column":null}},"13":{"start":{"line":79,"column":18},"end":{"line":85,"column":null}},"14":{"start":{"line":86,"column":2},"end":{"line":86,"column":null}},"15":{"start":{"line":89,"column":7},"end":{"line":89,"column":null}},"16":{"start":{"line":90,"column":18},"end":{"line":90,"column":null}},"17":{"start":{"line":91,"column":17},"end":{"line":91,"column":null}},"18":{"start":{"line":93,"column":33},"end":{"line":105,"column":null}},"19":{"start":{"line":107,"column":1},"end":{"line":119,"column":null}},"20":{"start":{"line":121,"column":1},"end":{"line":143,"column":null}},"21":{"start":{"line":122,"column":2},"end":{"line":142,"column":null}},"22":{"start":{"line":148,"column":1},"end":{"line":150,"column":null}},"23":{"start":{"line":149,"column":2},"end":{"line":149,"column":null}},"24":{"start":{"line":152,"column":1},"end":{"line":152,"column":null}},"25":{"start":{"line":160,"column":61},"end":{"line":160,"column":null}},"26":{"start":{"line":161,"column":16},"end":{"line":161,"column":null}},"27":{"start":{"line":162,"column":1},"end":{"line":162,"column":null}},"28":{"start":{"line":162,"column":26},"end":{"line":162,"column":null}},"29":{"start":{"line":163,"column":1},"end":{"line":163,"column":null}},"30":{"start":{"line":176,"column":1},"end":{"line":176,"column":null}},"31":{"start":{"line":176,"column":21},"end":{"line":176,"column":null}},"32":{"start":{"line":177,"column":1},"end":{"line":182,"column":null}},"33":{"start":{"line":178,"column":8},"end":{"line":178,"column":null}},"34":{"start":{"line":179,"column":2},"end":{"line":179,"column":null}},"35":{"start":{"line":181,"column":2},"end":{"line":181,"column":null}},"36":{"start":{"line":194,"column":1},"end":{"line":194,"column":null}},"37":{"start":{"line":207,"column":1},"end":{"line":209,"column":null}},"38":{"start":{"line":208,"column":2},"end":{"line":208,"column":null}},"39":{"start":{"line":210,"column":20},"end":{"line":210,"column":null}},"40":{"start":{"line":211,"column":1},"end":{"line":211,"column":null}},"41":{"start":{"line":220,"column":14},"end":{"line":224,"column":null}},"42":{"start":{"line":225,"column":1},"end":{"line":225,"column":null}},"43":{"start":{"line":228,"column":70},"end":{"line":233,"column":null}},"44":{"start":{"line":252,"column":14},"end":{"line":255,"column":null}},"45":{"start":{"line":257,"column":7},"end":{"line":257,"column":null}},"46":{"start":{"line":258,"column":40},"end":{"line":258,"column":null}},"47":{"start":{"line":259,"column":14},"end":{"line":259,"column":null}},"48":{"start":{"line":261,"column":1},"end":{"line":266,"column":null}},"49":{"start":{"line":262,"column":2},"end":{"line":262,"column":null}},"50":{"start":{"line":262,"column":68},"end":{"line":262,"column":null}},"51":{"start":{"line":263,"column":17},"end":{"line":263,"column":null}},"52":{"start":{"line":264,"column":2},"end":{"line":264,"column":null}},"53":{"start":{"line":265,"column":2},"end":{"line":265,"column":null}},"54":{"start":{"line":268,"column":77},"end":{"line":273,"column":null}},"55":{"start":{"line":274,"column":1},"end":{"line":294,"column":null}},"56":{"start":{"line":275,"column":2},"end":{"line":275,"column":null}},"57":{"start":{"line":275,"column":52},"end":{"line":275,"column":null}},"58":{"start":{"line":276,"column":2},"end":{"line":276,"column":null}},"59":{"start":{"line":276,"column":30},"end":{"line":276,"column":null}},"60":{"start":{"line":277,"column":2},"end":{"line":277,"column":null}},"61":{"start":{"line":277,"column":22},"end":{"line":277,"column":null}},"62":{"start":{"line":278,"column":2},"end":{"line":292,"column":null}},"63":{"start":{"line":293,"column":2},"end":{"line":293,"column":null}},"64":{"start":{"line":296,"column":1},"end":{"line":296,"column":null}},"65":{"start":{"line":300,"column":1},"end":{"line":307,"column":null}},"66":{"start":{"line":301,"column":8},"end":{"line":301,"column":null}},"67":{"start":{"line":302,"column":17},"end":{"line":302,"column":null}},"68":{"start":{"line":303,"column":2},"end":{"line":303,"column":null}},"69":{"start":{"line":303,"column":41},"end":{"line":303,"column":null}},"70":{"start":{"line":304,"column":2},"end":{"line":304,"column":null}},"71":{"start":{"line":306,"column":2},"end":{"line":306,"column":null}},"72":{"start":{"line":316,"column":18},"end":{"line":316,"column":null}},"73":{"start":{"line":317,"column":1},"end":{"line":319,"column":null}},"74":{"start":{"line":320,"column":1},"end":{"line":334,"column":null}},"75":{"start":{"line":321,"column":2},"end":{"line":333,"column":null}},"76":{"start":{"line":344,"column":18},"end":{"line":344,"column":null}},"77":{"start":{"line":345,"column":1},"end":{"line":348,"column":null}},"78":{"start":{"line":349,"column":1},"end":{"line":359,"column":null}},"79":{"start":{"line":350,"column":2},"end":{"line":358,"column":null}},"80":{"start":{"line":385,"column":18},"end":{"line":385,"column":null}},"81":{"start":{"line":386,"column":1},"end":{"line":388,"column":null}},"82":{"start":{"line":387,"column":2},"end":{"line":387,"column":null}},"83":{"start":{"line":389,"column":1},"end":{"line":391,"column":null}},"84":{"start":{"line":390,"column":2},"end":{"line":390,"column":null}},"85":{"start":{"line":393,"column":7},"end":{"line":393,"column":null}},"86":{"start":{"line":394,"column":7},"end":{"line":394,"column":null}},"87":{"start":{"line":395,"column":7},"end":{"line":395,"column":null}},"88":{"start":{"line":399,"column":7},"end":{"line":399,"column":null}},"89":{"start":{"line":400,"column":1},"end":{"line":402,"column":null}},"90":{"start":{"line":401,"column":2},"end":{"line":401,"column":null}},"91":{"start":{"line":404,"column":7},"end":{"line":404,"column":null}},"92":{"start":{"line":405,"column":33},"end":{"line":409,"column":null}},"93":{"start":{"line":411,"column":1},"end":{"line":414,"column":null}},"94":{"start":{"line":416,"column":1},"end":{"line":426,"column":null}},"95":{"start":{"line":417,"column":2},"end":{"line":425,"column":null}},"96":{"start":{"line":428,"column":1},"end":{"line":428,"column":null}},"97":{"start":{"line":456,"column":18},"end":{"line":456,"column":null}},"98":{"start":{"line":457,"column":1},"end":{"line":459,"column":null}},"99":{"start":{"line":458,"column":2},"end":{"line":458,"column":null}},"100":{"start":{"line":460,"column":1},"end":{"line":462,"column":null}},"101":{"start":{"line":461,"column":2},"end":{"line":461,"column":null}},"102":{"start":{"line":464,"column":7},"end":{"line":464,"column":null}},"103":{"start":{"line":466,"column":20},"end":{"line":466,"column":null}},"104":{"start":{"line":468,"column":1},"end":{"line":472,"column":null}},"105":{"start":{"line":469,"column":2},"end":{"line":469,"column":null}},"106":{"start":{"line":471,"column":2},"end":{"line":471,"column":null}},"107":{"start":{"line":471,"column":41},"end":{"line":471,"column":null}},"108":{"start":{"line":474,"column":1},"end":{"line":487,"column":null}},"109":{"start":{"line":475,"column":22},"end":{"line":475,"column":null}},"110":{"start":{"line":476,"column":2},"end":{"line":486,"column":null}},"111":{"start":{"line":477,"column":3},"end":{"line":477,"column":null}},"112":{"start":{"line":478,"column":3},"end":{"line":478,"column":null}},"113":{"start":{"line":480,"column":3},"end":{"line":484,"column":null}},"114":{"start":{"line":481,"column":4},"end":{"line":483,"column":null}},"115":{"start":{"line":485,"column":3},"end":{"line":485,"column":null}},"116":{"start":{"line":489,"column":1},"end":{"line":491,"column":null}},"117":{"start":{"line":490,"column":2},"end":{"line":490,"column":null}},"118":{"start":{"line":493,"column":7},"end":{"line":493,"column":null}},"119":{"start":{"line":495,"column":7},"end":{"line":495,"column":null}},"120":{"start":{"line":496,"column":1},"end":{"line":498,"column":null}},"121":{"start":{"line":497,"column":2},"end":{"line":497,"column":null}},"122":{"start":{"line":500,"column":7},"end":{"line":500,"column":null}},"123":{"start":{"line":501,"column":33},"end":{"line":505,"column":null}},"124":{"start":{"line":507,"column":1},"end":{"line":510,"column":null}},"125":{"start":{"line":512,"column":1},"end":{"line":522,"column":null}},"126":{"start":{"line":513,"column":2},"end":{"line":521,"column":null}},"127":{"start":{"line":524,"column":1},"end":{"line":524,"column":null}},"128":{"start":{"line":532,"column":7},"end":{"line":532,"column":null}},"129":{"start":{"line":533,"column":1},"end":{"line":535,"column":null}},"130":{"start":{"line":534,"column":2},"end":{"line":534,"column":null}},"131":{"start":{"line":536,"column":1},"end":{"line":539,"column":null}},"132":{"start":{"line":537,"column":17},"end":{"line":537,"column":null}},"133":{"start":{"line":538,"column":2},"end":{"line":538,"column":null}},"134":{"start":{"line":540,"column":1},"end":{"line":542,"column":null}},"135":{"start":{"line":541,"column":2},"end":{"line":541,"column":null}},"136":{"start":{"line":543,"column":1},"end":{"line":543,"column":null}}},"fnMap":{"0":{"name":"saveUserCredential","decl":{"start":{"line":57,"column":22},"end":{"line":57,"column":null}},"loc":{"start":{"line":62,"column":27},"end":{"line":153,"column":null}},"line":62},"1":{"name":"(anonymous_1)","decl":{"start":{"line":148,"column":61},"end":{"line":148,"column":62}},"loc":{"start":{"line":148,"column":79},"end":{"line":150,"column":2}},"line":148},"2":{"name":"discoverAndPersistInBackground","decl":{"start":{"line":155,"column":15},"end":{"line":155,"column":null}},"loc":{"start":{"line":159,"column":17},"end":{"line":164,"column":null}},"line":159},"3":{"name":"safeParseCustom","decl":{"start":{"line":166,"column":9},"end":{"line":166,"column":null}},"loc":{"start":{"line":175,"column":9},"end":{"line":183,"column":null}},"line":175},"4":{"name":"decryptCustomProvider","decl":{"start":{"line":185,"column":16},"end":{"line":185,"column":38}},"loc":{"start":{"line":193,"column":8},"end":{"line":195,"column":null}},"line":193},"5":{"name":"getCustomCredentialBaseUrl","decl":{"start":{"line":203,"column":16},"end":{"line":203,"column":null}},"loc":{"start":{"line":206,"column":10},"end":{"line":212,"column":null}},"line":206},"6":{"name":"getUserCredential","decl":{"start":{"line":214,"column":22},"end":{"line":214,"column":null}},"loc":{"start":{"line":219,"column":34},"end":{"line":226,"column":null}},"line":219},"7":{"name":"getAllUserCredentials","decl":{"start":{"line":246,"column":22},"end":{"line":246,"column":null}},"loc":{"start":{"line":251,"column":34},"end":{"line":297,"column":null}},"line":251},"8":{"name":"extractApiKey","decl":{"start":{"line":299,"column":9},"end":{"line":299,"column":23}},"loc":{"start":{"line":299,"column":84},"end":{"line":308,"column":null}},"line":299},"9":{"name":"deleteUserCredential","decl":{"start":{"line":310,"column":22},"end":{"line":310,"column":null}},"loc":{"start":{"line":315,"column":17},"end":{"line":335,"column":null}},"line":315},"10":{"name":"updateUserCredentialEnabled","decl":{"start":{"line":337,"column":22},"end":{"line":337,"column":null}},"loc":{"start":{"line":343,"column":17},"end":{"line":360,"column":null}},"line":343},"11":{"name":"rotateCredential","decl":{"start":{"line":379,"column":22},"end":{"line":379,"column":null}},"loc":{"start":{"line":384,"column":27},"end":{"line":429,"column":null}},"line":384},"12":{"name":"repairCorruptedCredential","decl":{"start":{"line":450,"column":22},"end":{"line":450,"column":null}},"loc":{"start":{"line":455,"column":27},"end":{"line":525,"column":null}},"line":455},"13":{"name":"resolveApiKeyForCredential","decl":{"start":{"line":527,"column":16},"end":{"line":527,"column":null}},"loc":{"start":{"line":531,"column":17},"end":{"line":544,"column":null}},"line":531}},"branchMap":{"0":{"loc":{"start":{"line":69,"column":1},"end":{"line":87,"column":null}},"type":"if","locations":[{"start":{"line":69,"column":1},"end":{"line":87,"column":null}},{"start":{"line":77,"column":1},"end":{"line":87,"column":null}}],"line":69},"1":{"loc":{"start":{"line":70,"column":2},"end":{"line":76,"column":null}},"type":"if","locations":[{"start":{"line":70,"column":2},"end":{"line":76,"column":null}},{"start":{"line":72,"column":2},"end":{"line":76,"column":null}}],"line":70},"2":{"loc":{"start":{"line":72,"column":2},"end":{"line":76,"column":null}},"type":"if","locations":[{"start":{"line":72,"column":2},"end":{"line":76,"column":null}},{"start":{"line":74,"column":9},"end":{"line":76,"column":null}}],"line":72},"3":{"loc":{"start":{"line":77,"column":1},"end":{"line":87,"column":null}},"type":"if","locations":[{"start":{"line":77,"column":1},"end":{"line":87,"column":null}},{"start":{},"end":{}}],"line":77},"4":{"loc":{"start":{"line":78,"column":32},"end":{"line":78,"column":65}},"type":"binary-expr","locations":[{"start":{"line":78,"column":32},"end":{"line":78,"column":59}},{"start":{"line":78,"column":59},"end":{"line":78,"column":65}}],"line":78},"5":{"loc":{"start":{"line":80,"column":16},"end":{"line":80,"column":null}},"type":"binary-expr","locations":[{"start":{"line":80,"column":16},"end":{"line":80,"column":41}},{"start":{"line":80,"column":41},"end":{"line":80,"column":63}},{"start":{"line":80,"column":63},"end":{"line":80,"column":null}}],"line":80},"6":{"loc":{"start":{"line":81,"column":12},"end":{"line":81,"column":null}},"type":"binary-expr","locations":[{"start":{"line":81,"column":12},"end":{"line":81,"column":33}},{"start":{"line":81,"column":33},"end":{"line":81,"column":51}},{"start":{"line":81,"column":51},"end":{"line":81,"column":null}}],"line":81},"7":{"loc":{"start":{"line":82,"column":11},"end":{"line":82,"column":null}},"type":"binary-expr","locations":[{"start":{"line":82,"column":11},"end":{"line":82,"column":31}},{"start":{"line":82,"column":31},"end":{"line":82,"column":null}}],"line":82},"8":{"loc":{"start":{"line":83,"column":11},"end":{"line":83,"column":null}},"type":"binary-expr","locations":[{"start":{"line":83,"column":11},"end":{"line":83,"column":31}},{"start":{"line":83,"column":31},"end":{"line":83,"column":48}},{"start":{"line":83,"column":48},"end":{"line":83,"column":null}}],"line":83},"9":{"loc":{"start":{"line":84,"column":12},"end":{"line":84,"column":null}},"type":"binary-expr","locations":[{"start":{"line":84,"column":12},"end":{"line":84,"column":33}},{"start":{"line":84,"column":33},"end":{"line":84,"column":51}},{"start":{"line":84,"column":51},"end":{"line":84,"column":null}}],"line":84},"10":{"loc":{"start":{"line":90,"column":18},"end":{"line":90,"column":null}},"type":"binary-expr","locations":[{"start":{"line":90,"column":18},"end":{"line":90,"column":40}},{"start":{"line":90,"column":40},"end":{"line":90,"column":62}},{"start":{"line":90,"column":62},"end":{"line":90,"column":null}}],"line":90},"11":{"loc":{"start":{"line":91,"column":17},"end":{"line":91,"column":null}},"type":"cond-expr","locations":[{"start":{"line":91,"column":52},"end":{"line":91,"column":82}},{"start":{"line":91,"column":82},"end":{"line":91,"column":null}}],"line":91},"12":{"loc":{"start":{"line":91,"column":52},"end":{"line":91,"column":82}},"type":"cond-expr","locations":[{"start":{"line":91,"column":72},"end":{"line":91,"column":76}},{"start":{"line":91,"column":76},"end":{"line":91,"column":82}}],"line":91},"13":{"loc":{"start":{"line":91,"column":82},"end":{"line":91,"column":null}},"type":"binary-expr","locations":[{"start":{"line":91,"column":82},"end":{"line":91,"column":103}},{"start":{"line":91,"column":103},"end":{"line":91,"column":null}}],"line":91},"14":{"loc":{"start":{"line":94,"column":6},"end":{"line":94,"column":null}},"type":"binary-expr","locations":[{"start":{"line":94,"column":6},"end":{"line":94,"column":22}},{"start":{"line":94,"column":22},"end":{"line":94,"column":null}}],"line":94},"15":{"loc":{"start":{"line":101,"column":13},"end":{"line":101,"column":null}},"type":"binary-expr","locations":[{"start":{"line":101,"column":13},"end":{"line":101,"column":36}},{"start":{"line":101,"column":36},"end":{"line":101,"column":null}}],"line":101},"16":{"loc":{"start":{"line":103,"column":20},"end":{"line":103,"column":null}},"type":"binary-expr","locations":[{"start":{"line":103,"column":20},"end":{"line":103,"column":50}},{"start":{"line":103,"column":50},"end":{"line":103,"column":null}}],"line":103},"17":{"loc":{"start":{"line":104,"column":16},"end":{"line":104,"column":null}},"type":"binary-expr","locations":[{"start":{"line":104,"column":16},"end":{"line":104,"column":42}},{"start":{"line":104,"column":42},"end":{"line":104,"column":null}}],"line":104},"18":{"loc":{"start":{"line":121,"column":1},"end":{"line":143,"column":null}},"type":"if","locations":[{"start":{"line":121,"column":1},"end":{"line":143,"column":null}},{"start":{},"end":{}}],"line":121},"19":{"loc":{"start":{"line":125,"column":11},"end":{"line":125,"column":null}},"type":"cond-expr","locations":[{"start":{"line":125,"column":22},"end":{"line":125,"column":33}},{"start":{"line":125,"column":33},"end":{"line":125,"column":null}}],"line":125},"20":{"loc":{"start":{"line":128,"column":11},"end":{"line":134,"column":null}},"type":"cond-expr","locations":[{"start":{"line":129,"column":6},"end":{"line":133,"column":null}},{"start":{"line":134,"column":6},"end":{"line":134,"column":null}}],"line":128},"21":{"loc":{"start":{"line":162,"column":1},"end":{"line":162,"column":null}},"type":"if","locations":[{"start":{"line":162,"column":1},"end":{"line":162,"column":null}},{"start":{},"end":{}}],"line":162},"22":{"loc":{"start":{"line":176,"column":1},"end":{"line":176,"column":null}},"type":"if","locations":[{"start":{"line":176,"column":1},"end":{"line":176,"column":null}},{"start":{},"end":{}}],"line":176},"23":{"loc":{"start":{"line":207,"column":1},"end":{"line":209,"column":null}},"type":"if","locations":[{"start":{"line":207,"column":1},"end":{"line":209,"column":null}},{"start":{},"end":{}}],"line":207},"24":{"loc":{"start":{"line":207,"column":5},"end":{"line":207,"column":74}},"type":"binary-expr","locations":[{"start":{"line":207,"column":5},"end":{"line":207,"column":47}},{"start":{"line":207,"column":47},"end":{"line":207,"column":74}}],"line":207},"25":{"loc":{"start":{"line":211,"column":8},"end":{"line":211,"column":null}},"type":"binary-expr","locations":[{"start":{"line":211,"column":8},"end":{"line":211,"column":31}},{"start":{"line":211,"column":31},"end":{"line":211,"column":null}}],"line":211},"26":{"loc":{"start":{"line":225,"column":8},"end":{"line":225,"column":null}},"type":"binary-expr","locations":[{"start":{"line":225,"column":8},"end":{"line":225,"column":19}},{"start":{"line":225,"column":19},"end":{"line":225,"column":null}}],"line":225},"27":{"loc":{"start":{"line":262,"column":2},"end":{"line":262,"column":null}},"type":"if","locations":[{"start":{"line":262,"column":2},"end":{"line":262,"column":null}},{"start":{},"end":{}}],"line":262},"28":{"loc":{"start":{"line":263,"column":17},"end":{"line":263,"column":null}},"type":"cond-expr","locations":[{"start":{"line":263,"column":21},"end":{"line":263,"column":102}},{"start":{"line":263,"column":102},"end":{"line":263,"column":null}}],"line":263},"29":{"loc":{"start":{"line":263,"column":45},"end":{"line":263,"column":98}},"type":"binary-expr","locations":[{"start":{"line":263,"column":45},"end":{"line":263,"column":96}},{"start":{"line":263,"column":96},"end":{"line":263,"column":98}}],"line":263},"30":{"loc":{"start":{"line":275,"column":2},"end":{"line":275,"column":null}},"type":"if","locations":[{"start":{"line":275,"column":2},"end":{"line":275,"column":null}},{"start":{},"end":{}}],"line":275},"31":{"loc":{"start":{"line":276,"column":2},"end":{"line":276,"column":null}},"type":"if","locations":[{"start":{"line":276,"column":2},"end":{"line":276,"column":null}},{"start":{},"end":{}}],"line":276},"32":{"loc":{"start":{"line":277,"column":2},"end":{"line":277,"column":null}},"type":"if","locations":[{"start":{"line":277,"column":2},"end":{"line":277,"column":null}},{"start":{},"end":{}}],"line":277},"33":{"loc":{"start":{"line":303,"column":2},"end":{"line":303,"column":null}},"type":"if","locations":[{"start":{"line":303,"column":2},"end":{"line":303,"column":null}},{"start":{},"end":{}}],"line":303},"34":{"loc":{"start":{"line":320,"column":1},"end":{"line":334,"column":null}},"type":"if","locations":[{"start":{"line":320,"column":1},"end":{"line":334,"column":null}},{"start":{},"end":{}}],"line":320},"35":{"loc":{"start":{"line":320,"column":5},"end":{"line":320,"column":24}},"type":"binary-expr","locations":[{"start":{"line":320,"column":5},"end":{"line":320,"column":14}},{"start":{"line":320,"column":14},"end":{"line":320,"column":24}}],"line":320},"36":{"loc":{"start":{"line":347,"column":18},"end":{"line":347,"column":35}},"type":"cond-expr","locations":[{"start":{"line":347,"column":28},"end":{"line":347,"column":32}},{"start":{"line":347,"column":32},"end":{"line":347,"column":35}}],"line":347},"37":{"loc":{"start":{"line":349,"column":1},"end":{"line":359,"column":null}},"type":"if","locations":[{"start":{"line":349,"column":1},"end":{"line":359,"column":null}},{"start":{},"end":{}}],"line":349},"38":{"loc":{"start":{"line":349,"column":5},"end":{"line":349,"column":24}},"type":"binary-expr","locations":[{"start":{"line":349,"column":5},"end":{"line":349,"column":14}},{"start":{"line":349,"column":14},"end":{"line":349,"column":24}}
[...]
],"line":212},"12":{"loc":{"start":{"line":237,"column":3},"end":{"line":241,"column":null}},"type":"cond-expr","locations":[{"start":{"line":238,"column":6},"end":{"line":238,"column":null}},{"start":{"line":239,"column":6},"end":{"line":241,"column":null}}],"line":237},"13":{"loc":{"start":{"line":239,"column":6},"end":{"line":241,"column":null}},"type":"cond-expr","locations":[{"start":{"line":240,"column":7},"end":{"line":240,"column":null}},{"start":{"line":241,"column":7},"end":{"line":241,"column":null}}],"line":239},"14":{"loc":{"start":{"line":239,"column":6},"end":{"line":239,"column":null}},"type":"binary-expr","locations":[{"start":{"line":239,"column":6},"end":{"line":239,"column":28}},{"start":{"line":239,"column":28},"end":{"line":239,"column":null}}],"line":239},"15":{"loc":{"start":{"line":248,"column":4},"end":{"line":248,"column":null}},"type":"binary-expr","locations":[{"start":{"line":248,"column":4},"end":{"line":248,"column":21}},{"start":{"line":248,"column":21},"end":{"line":248,"column":null}}],"line":248},"16":{"loc":{"start":{"line":250,"column":4},"end":{"line":250,"column":null}},"type":"binary-expr","locations":[{"start":{"line":250,"column":4},"end":{"line":250,"column":27}},{"start":{"line":250,"column":27},"end":{"line":250,"column":null}}],"line":250},"17":{"loc":{"start":{"line":251,"column":4},"end":{"line":251,"column":null}},"type":"binary-expr","locations":[{"start":{"line":251,"column":4},"end":{"line":251,"column":32}},{"start":{"line":251,"column":32},"end":{"line":251,"column":null}}],"line":251},"18":{"loc":{"start":{"line":252,"column":4},"end":{"line":252,"column":null}},"type":"binary-expr","locations":[{"start":{"line":252,"column":4},"end":{"line":252,"column":25}},{"start":{"line":252,"column":25},"end":{"line":252,"column":null}}],"line":252},"19":{"loc":{"start":{"line":253,"column":4},"end":{"line":255,"column":null}},"type":"cond-expr","locations":[{"start":{"line":254,"column":7},"end":{"line":254,"column":null}},{"start":{"line":255,"column":7},"end":{"line":255,"column":null}}],"line":253},"20":{"loc":{"start":{"line":253,"column":4},"end":{"line":253,"column":null}},"type":"binary-expr","locations":[{"start":{"line":253,"column":4},"end":{"line":253,"column":34}},{"start":{"line":253,"column":34},"end":{"line":253,"column":null}}],"line":253},"21":{"loc":{"start":{"line":256,"column":4},"end":{"line":256,"column":null}},"type":"binary-expr","locations":[{"start":{"line":256,"column":4},"end":{"line":256,"column":22}},{"start":{"line":256,"column":22},"end":{"line":256,"column":null}}],"line":256},"22":{"loc":{"start":{"line":290,"column":23},"end":{"line":290,"column":null}},"type":"binary-expr","locations":[{"start":{"line":290,"column":23},"end":{"line":290,"column":36}},{"start":{"line":290,"column":36},"end":{"line":290,"column":null}}],"line":290},"23":{"loc":{"start":{"line":292,"column":12},"end":{"line":292,"column":null}},"type":"binary-expr","locations":[{"start":{"line":292,"column":12},"end":{"line":292,"column":29}},{"start":{"line":292,"column":29},"end":{"line":292,"column":null}}],"line":292},"24":{"loc":{"start":{"line":293,"column":21},"end":{"line":293,"column":null}},"type":"binary-expr","locations":[{"start":{"line":293,"column":21},"end":{"line":293,"column":44}},{"start":{"line":293,"column":44},"end":{"line":293,"column":null}}],"line":293},"25":{"loc":{"start":{"line":294,"column":20},"end":{"line":294,"column":null}},"type":"binary-expr","locations":[{"start":{"line":294,"column":20},"end":{"line":294,"column":45}},{"start":{"line":294,"column":45},"end":{"line":294,"column":null}}],"line":294},"26":{"loc":{"start":{"line":295,"column":18},"end":{"line":295,"column":null}},"type":"binary-expr","locations":[{"start":{"line":295,"column":18},"end":{"line":295,"column":36}},{"start":{"line":295,"column":36},"end":{"line":295,"column":null}}],"line":295},"27":{"loc":{"start":{"line":296,"column":19},"end":{"line":296,"column":null}},"type":"binary-expr","locations":[{"start":{"line":296,"column":19},"end":{"line":296,"column":43}},{"start":{"line":296,"column":43},"end":{"line":296,"column":null}}],"line":296},"28":{"loc":{"start":{"line":297,"column":21},"end":{"line":297,"column":null}},"type":"binary-expr","locations":[{"start":{"line":297,"column":21},"end":{"line":297,"column":44}},{"start":{"line":297,"column":44},"end":{"line":297,"column":null}}],"line":297},"29":{"loc":{"start":{"line":298,"column":25},"end":{"line":298,"column":null}},"type":"binary-expr","locations":[{"start":{"line":298,"column":25},"end":{"line":298,"column":55}},{"start":{"line":298,"column":55},"end":{"line":298,"column":null}}],"line":298},"30":{"loc":{"start":{"line":299,"column":30},"end":{"line":299,"column":null}},"type":"binary-expr","locations":[{"start":{"line":299,"column":30},"end":{"line":299,"column":65}},{"start":{"line":299,"column":65},"end":{"line":299,"column":null}}],"line":299},"31":{"loc":{"start":{"line":300,"column":23},"end":{"line":300,"column":null}},"type":"binary-expr","locations":[{"start":{"line":300,"column":23},"end":{"line":300,"column":51}},{"start":{"line":300,"column":51},"end":{"line":300,"column":null}}],"line":300},"32":{"loc":{"start":{"line":301,"column":23},"end":{"line":301,"column":null}},"type":"binary-expr","locations":[{"start":{"line":301,"column":23},"end":{"line":301,"column":51}},{"start":{"line":301,"column":51},"end":{"line":301,"column":null}}],"line":301},"33":{"loc":{"start":{"line":302,"column":20},"end":{"line":302,"column":null}},"type":"binary-expr","locations":[{"start":{"line":302,"column":20},"end":{"line":302,"column":45}},{"start":{"line":302,"column":45},"end":{"line":302,"column":null}}],"line":302},"34":{"loc":{"start":{"line":304,"column":1},"end":{"line":307,"column":null}},"type":"if","locations":[{"start":{"line":304,"column":1},"end":{"line":307,"column":null}},{"start":{},"end":{}}],"line":304},"35":{"loc":{"start":{"line":304,"column":5},"end":{"line":304,"column":39}},"type":"binary-expr","locations":[{"start":{"line":304,"column":5},"end":{"line":304,"column":12}},{"start":{"line":304,"column":12},"end":{"line":304,"column":27}},{"start":{"line":304,"column":27},"end":{"line":304,"column":39}}],"line":304},"36":{"loc":{"start":{"line":309,"column":1},"end":{"line":312,"column":null}},"type":"if","locations":[{"start":{"line":309,"column":1},"end":{"line":312,"column":null}},{"start":{},"end":{}}],"line":309},"37":{"loc":{"start":{"line":314,"column":1},"end":{"line":317,"column":null}},"type":"if","locations":[{"start":{"line":314,"column":1},"end":{"line":317,"column":null}},{"start":{},"end":{}}],"line":314},"38":{"loc":{"start":{"line":320,"column":1},"end":{"line":340,"column":null}},"type":"if","locations":[{"start":{"line":320,"column":1},"end":{"line":340,"column":null}},{"start":{},"end":{}}],"line":320},"39":{"loc":{"start":{"line":321,"column":2},"end":{"line":324,"column":null}},"type":"if","locations":[{"start":{"line":321,"column":2},"end":{"line":324,"column":null}},{"start":{},"end":{}}],"line":321},"40":{"loc":{"start":{"line":325,"column":2},"end":{"line":328,"column":null}},"type":"if","locations":[{"start":{"line":325,"column":2},"end":{"line":328,"column":null}},{"start":{},"end":{}}],"line":325},"41":{"loc":{"start":{"line":330,"column":2},"end":{"line":333,"column":null}},"type":"if","locations":[{"start":{"line":330,"column":2},"end":{"line":333,"column":null}},{"start":{},"end":{}}],"line":330},"42":{"loc":{"start":{"line":349,"column":19},"end":{"line":349,"column":null}},"type":"binary-expr","locations":[{"start":{"line":349,"column":19},"end":{"line":349,"column":38}},{"start":{"line":349,"column":38},"end":{"line":349,"column":null}}],"line":349},"43":{"loc":{"start":{"line":350,"column":24},"end":{"line":350,"column":null}},"type":"binary-expr","locations":[{"start":{"line":350,"column":24},"end":{"line":350,"column":48}},{"start":{"line":350,"column":48},"end":{"line":350,"column":null}}],"line":350},"44":{"loc":{"start":{"line":351,"column":17},"end":{"line":351,"column":null}},"type":"binary-expr","locations":[{"start":{"line":351,"column":17},"end":{"line":351,"column":34}},{"start":{"line":351,"column":34},"end":{"line":351,"column":null}}],"line":351},"45":{"loc":{"start":{"line":352,"column":17},"end":{"line":352,"column":null}},"type":"cond-expr","locations":[{"start":{"line":352,"column":33},"end":{"line":352,"column":57}},{"start":{"line":352,"column":57},"end":{"line":352,"column":null}}],"line":352},"46":{"loc":{"start":{"line":353,"column":14},"end":{"line":353,"column":null}},"type":"binary-expr","locations":[{"start":{"line":353,"column":14},"end":{"line":353,"column":28}},{"start":{"line":353,"column":28},"end":{"line":353,"column":null}}],"line":353},"47":{"loc":{"start":{"line":379,"column":19},"end":{"line":379,"column":null}},"type":"binary-expr","locations":[{"start":{"line":379,"column":19},"end":{"line":379,"column":45}},{"start":{"line":379,"column":45},"end":{"line":379,"column":null}}],"line":379},"48":{"loc":{"start":{"line":379,"column":63},"end":{"line":379,"column":95}},"type":"binary-expr","locations":[{"start":{"line":379,"column":63},"end":{"line":379,"column":91}},{"start":{"line":379,"column":91},"end":{"line":379,"column":95}}],"line":379},"49":{"loc":{"start":{"line":380,"column":1},"end":{"line":382,"column":null}},"type":"if","locations":[{"start":{"line":380,"column":1},"end":{"line":382,"column":null}},{"start":{},"end":{}}],"line":380},"50":{"loc":{"start":{"line":380,"column":5},"end":{"line":380,"column":39}},"type":"binary-expr","locations":[{"start":{"line":380,"column":5},"end":{"line":380,"column":18}},{"start":{"line":380,"column":18},"end":{"line":380,"column":39}}],"line":380},"51":{"loc":{"start":{"line":386,"column":2},"end":{"line":386,"column":null}},"type":"if","locations":[{"start":{"line":386,"column":2},"end":{"line":386,"column":null}},{"start":{},"end":{}}],"line":386},"52":{"loc":{"start":{"line":399,"column":2},"end":{"line":435,"column":null}},"type":"if","locations":[{"start":{"line":399,"column":2},"end":{"line":435,"column":null}},{"start":{"line":419,"column":9},"end":{"line":435,"column":null}}],"line":399},"53":{"loc":{"start":{"line":400,"column":3},"end":{"line":403,"column":null}},"type":"if","locations":[{"start":{"line":400,"column":3},"end":{"line":403,"column":null}},{"start":{},"end":{}}],"line":400},"54":{"loc":{"start":{"line":408,"column":22},"end":{"line":408,"column":null}},"type":"binary-expr","locations":[{"start":{"line":408,"column":22},"end":{"line":408,"column":46}},{"start":{"line":408,"column":46},"end":{"line":408,"column":null}}],"line":408},"55":{"loc":{"start":{"line":424,"column":21},"end":{"line":424,"column":null}},"type":"binary-expr","locations":[{"start":{"line":424,"column":21},"end":{"line":424,"column":45}},{"start":{"line":424,"column":45},"end":{"line":424,"column":null}}],"line":424}},"s":{"0":1,"1":1,"2":1,"3":1,"4":1,"5":1,"6":0,"7":0,"8":0,"9":0,"10":0,"11":0,"12":1,"13":66,"14":0,"15":66,"16":6,"17":6,"18":6,"19":6,"20":6,"21":6,"22":619,"23":619,"24":0,"25":0,"26":0,"27":0,"28":0,"29":0,"30":619,"31":0,"32":619,"33":60,"34":60,"35":559,"36":6,"37":6,"38":3,"39":3,"40":9,"41":3,"42":0,"43":3,"44":3,"45":3,"46":3,"47":3,"48":3,"49":4,"50":4,"51":4,"52":4,"53":2,"54":2,"55":2,"56":2,"57":2,"58":2,"59":2,"60":2,"61":0,"62":2,"63":0,"64":2,"65":2,"66":2,"67":2,"68":2,"69":2,"70":2,"71":2,"72":2,"73":0,"74":0,"75":0,"76":0,"77":0,"78":0,"79":0,"80":3,"81":3,"82":3,"83":3,"84":3,"85":3,"86":3,"87":3,"88":3,"89":33,"90":3,"91":3,"92":3,"93":3,"94":3,"95":3,"96":3,"97":3,"98":3,"99":3,"100":3,"101":3,"102":0,"103":0,"104":3,"105":3,"106":0,"107":0,"108":3,"109":3,"110":0,"111":0,"112":3,"113":3,"114":2,"115":0,"116":0,"117":2,"118":0,"119":0,"120":2,"121":2,"122":0,"123":0,"124":2,"125":3,"126":0,"127":1,"128":3,"129":3,"130":3,"131":3,"132":3,"133":0,"134":3,"135":3,"136":3,"137":3,"138":3,"139":3,"140":3,"141":3,"142":3,"143":3,"144":3,"145":3,"146":1,"147":1,"148":1,"149":0,"150":0,"151":2,"152":2,"153":3},"f":{"0":0,"1":0,"2":66,"3":6,"4":6,"5":3,"6":9,"7":4,"8":2,"9":2,"10":0,"11":3,"12":3,"13":0,"14":3,"15":3},"b":{"0":[0],"1":[0,0],"2":[0,66],"3":[66,66,66,66],"4":[0,619],"5":[0,0],"6":[0,0],"7":[0,619],"8":[60,559],"9":[0,3],"10":[0,2],"11":[0,0],"12":[1,2],"13":[2,0],"14":[2,2],"15":[3,0],"16":[3,3],"17":[3,3],"18":[3,3],"19":[0,3],"20":[3,0],"21":[3,0],"22":[33,0],"23":[3,0],"24":[3,0],"25":[3,0],"26":[3,0],"27":[3,0],"28":[3,0],"29":[3,0],"30":[3,0],"31":[3,0],"32":[3,0],"33":[3,0],"34":[0,3],"35":[3,3,3],"36":[0,3],"37":[0,3],"38":[2,1],"39":[0,2],"40":[0,2],"41":[0,2],"42":[3,3],"43":[3,3],"44":[3,3],"45":[0,3],"46":[3,0],"47":[3,3],"48":[3,0],"49":[0,3],"50":[3,2],"51":[3,0],"52":[1,2],"53":[1,0],"54":[0,0],"55":[2,0]},"meta":{"lastBranch":56,"lastFunction":16,"lastStatement":154,"seen":{"s:56:26:56:Infinity":0,"s:57:18:57:Infinity":1,"s:58:19:58:Infinity":2,"s:59:17:59:Infinity":3,"s:60:23:60:Infinity":4,"s:67:40:67:Infinity":5,"f:72:1:72:13":0,"b:72:51:72:77":0,"s:73:2:73:Infinity":6,"s:74:2:74:Infinity":7,"s:75:2:75:Infinity":8,"s:76:2:76:Infinity":9,"f:80:16:80:33":1,"b:81:1:83:Infinity:undefined:undefined:undefined:undefined":1,"s:81:1:83:Infinity":10,"s:82:2:82:Infinity":11,"s:87:20:99:Infinity":12,"f:103:9:103:24":2,"b:104:1:106:Infinity:undefined:undefined:undefined:undefined":2,"s:104:1:106:Infinity":13,"b:104:5:104:28:104:28:104:51:104:51:104:75:104:75:104:97":3,"s:105:2:105:Infinity":14,"s:107:1:107:Infinity":15,"f:110:9:110:16":3,"s:111:1:111:Infinity":16,"f:114:9:114:22":4,"s:115:26:115:Infinity":17,"s:116:15:116:Infinity":18,"s:117:16:117:Infinity":19,"s:118:1:141:Infinity":20,"s:118:14:118:17":21,"s:119:13:119:Infinity":22,"b:120:2:140:Infinity:131:9:140:Infinity":4,"s:120:2:140:Infinity":23,"b:121:3:130:Infinity:128:10:130:Infinity":5,"s:121:3:130:Infinity":24,"b:122:4:127:Infinity:125:11:127:Infinity":6,"s:122:4:127:Infinity":25,"s:123:5:123:Infinity":26,"s:124:5:124:Infinity":27,"s:126:5:126:Infinity":28,"s:129:4:129:Infinity":29,"b:132:3:139:Infinity:134:3:139:Infinity":7,"s:132:3:139:Infinity":30,"s:133:4:133:Infinity":31,"b:134:3:139:Infinity:137:10:139:Infinity":8,"s:134:3:139:Infinity":32,"s:135:4:135:Infinity":33,"s:136:4:136:Infinity":34,"s:138:4:138:Infinity":35,"s:142:1:142:Infinity":36,"s:143:1:143:Infinity":37,"f:146:9:146:18":5,"s:148:14:148:Infinity":38,"s:149:15:149:Infinity":39,"f:149:39:149:40":6,"s:149:49:149:64":40,"b:150:1:150:Infinity:undefined:undefined:undefined:undefined":9,"s:150:1:150:Infinity":41,"s:150:25:150:Infinity":42,"s:151:16:151:Infinity":43,"s:152:26:152:Infinity":44,"s:153:1:155:Infinity":45,"s:153:14:153:17":46,"s:154:2:154:Infinity":47,"s:156:1:156:Infinity":48,"f:161:9:161:19":7,"s:165:14:165:Infinity":49,"s:166:1:166:Infinity":50,"s:167:7:167:Infinity":51,"s:168:1:168:Infinity":52,"f:171:16:171:27":8,"s:172:17:172:Infinity":53,"s:173:7:173:Infinity":54,"s:174:7:174:Infinity":55,"s:175:20:175:Infinity":56,"s:176:17:176:Infinity":57,"s:177:1:177:Infinity":58,"f:180:16:180:27":9,"s:182:1:186:Infinity":59,"s:183:2:183:Infinity":60,"s:185:2:185:Infinity":61,"b:187:1:187:Infinity:undefined:undefined:undefined:undefined":10,"s:187:1:187:Infinity":62,"s:187:45:187:Infinity":63,"s:188:12:188:Infinity":64,"s:189:17:189:Infinity":65,"s:190:20:190:Infinity":66,"s:191:17:191:Infinity":67,"s:192:1:199:Infinity":68,"s:193:8:193:Infinity":69,"s:194:2:194:Infinity":70,"s:195:20:195:Infinity":71,"s:196:2:196:Infinity":72,"s:198:2:198:Infinity":73,"f:208:16:208:33":10,"s:209:15:209:Infinity":74,"s:210:11:210:Infinity":75,"s:211:11:211:Infinity":76,"b:212:1:212:Infinity:undefined:undefined:undefined:undefined":11,"s:212:1:212:Infinity":77,"s:212:28:212:Infinity":78,"s:213:1:213:Infinity":79,"f:224:22:224:Infinity":11,"s:229:14:232:Infinity":80,"s:234:25:234:Infinity":81,"s:235:1:259:Infinity":82,"s:237:3:241:Infinity":83,"b:238:6:238:Infinity:239:6:241:Infinity":12,"b:240:7:240:Infinity:241:7:241:Infinity":13,"b:239:6:239:28:239:28:239:Infinity":14,"s:242:2:258:Infinity":84,"b:248:4:248:21:248:21:248:Infinity":15,"b:250:4:250:27:250:27:250:Infinity":16,"b:251:4:251:32:251:32:251:Infinity":17,"b:252:4:252:25:252:25:252:Infinity":18,"b:254:7:254:Infinity:255:7:255:Infinity":19,"b:253:4:253:34:253:34:253:Infinity":20,"b:256:4:256:22:256:22:256:Infinity":21,"s:260:1:260:Infinity":85,"f:279:9:279:Infinity":12,"s:288:41:288:Infinity":86,"s:289:1:291:Infinity":87,"s:289:14:289:17":88,"s:290:2:290:Infinity":89,"b:290:23:290:36:290:36:290:Infinity":22,"s:292:12:292:Infinity":90,"b:292:12:292:29:292:29:292:Infinity":23,"s:293:21:293:Infinity":91,"b:293:21:293:44:293:44:293:Infinity":24,"s:294:20:294:Infinity":92,"b:294:20:294:45:294:45:294:Infinity":25,"s:295:18:295:Infinity":93,"b:295:18:295:36:295:36:295:Infinity":26,"s:296:19:296:Infinity":94,"b:296:19:296:43:296:43:296:Infinity":27,"s:297:21:297:Infinity":95,"b:297:21:297:44:297:44:297:Infinity":28,"s:298:25:298:Infinity":96,"b:298:25:298:55:298:55:298:Infinity":29,"s:299:30:299:Infinity":97,"b:299:30:299:65:299:65:299:Infinity":30,"s:300:23:300:Infinity":98,"b:300:23:300:51:300:51:300:Infinity":31,"s:301:23:301:Infinity":99,"b:301:23:301:51:301:51:301:Infinity":32,"s:302:20:302:Infinity":100,"b:302:20:302:45:302:45:302:Infinity":33,"b:304:1:307:Infinity:undefined:undefined:undefined:undefined":34,"s:304:1:307:Infinity":101,"b:304:5:304:12:304:12:304:27:304:27:304:39":35,"s:305:2:305:Infinity":102,"s:306:2:306:Infinity":103,"s:308:18:308:Infinity":104,"b:309:1:312:Infinity:undefined:undefined:undefined:undefined":36,"s:309:1:312:Infinity":105,"s:310:2:310:Infinity":106,"s:311:2:311:Infinity":107,"s:313:18:313:Infinity":108,"b:314:1:317:Infinity:undefined:undefined:undefined:undefined":37,"s:314:1:317:Infinity":109,"s:315:2:315:Infinity":110,"s:316:2:316:Infinity":111,"s:319:24:319:Infinity":112,"b:320:1:340:Infinity:undefined:undefined:undefined:undefined":38,"s:320:1:340:Infinity":113,"b:321:2:324:Infinity:undefined:undefined:undefined:undefined":39,"s:321:2:324:Infinity":114,"s:322:3:322:Infinity":115,"s:323:3:323:Infinity":116,"b:325:2:328:Infinity:undefined:undefined:undefined:undefined":40,"s:325:2:328:Infinity":117,"s:326:3:326:Infinity":118,"s:327:3:327:Infinity":119,"s:329:20:329:Infinity":120,"b:330:2:333:Infinity:undefined:undefined:undefined:undefined":41,"s:330:2:333:Infinity":121,"s:331:3:331:Infinity":122,"s:332:3:332:Infinity":123,"s:339:2:339:Infinity":124,"s:342:1:354:Infinity":125,"b:349:19:349:38:349:38:349:Infinity":42,"b:350:24:350:48:350:48:350:Infinity":43,"b:351:17:351:34:351:34:351:Infinity":44,"b:352:33:352:57:352:57:352:Infinity":45,"b:353:14:353:28:353:28:353:Infinity":46,"f:357:9:357:32":13,"s:358:1:358:Infinity":126,"s:360:0:360:Infinity":127,"f:372:22:372:Infinity":14,"s:377:26:377:Infinity":128,"s:378:35:378:Infinity":129,"s:379:19:379:Infinity":130,"b:379:19:379:45:379:45:379:Infinity":47,"f:379:55:379:56":15,"s:379:56:379:105":131,"b:379:63:379:91:379:91:379:95":48,"b:380:1:382:Infinity:undefined:undefined:undefined:undefined":49,"s:380:1:382:Infinity":132,"b:380:5:380:18:380:18:380:39":50,"s:381:2:381:Infinity":133,"s:383:29:383:Infinity":134,"s:384:1:387:Infinity":135,"s:384:14:384:17":136,"s:385:14:385:Infinity":137,"b:386:2:386:Infinity:undefined:undefined:undefined:undefined":51,"s:386:2:386:Infinity":138,"s:386:11:386:Infinity":139,"s:389:16:389:Infinity":140,"s:390:15:390:Infinity":141,"s:391:16:391:Infinity":142,"s:393:1:436:Infinity":143,"s:394:19:398:Infinity":144,"b:399:2:435:Infinity:419:9:435:Infinity":52,"s:399:2:435:Infinity":145,"b:400:3:403:Infinity:undefined:undefined:undefined:undefined":53,"s:400:3:403:Infinity":146,"s:401:4:401:Infinity":147,"s:402:4:402:Infinity":148,"s:404:3:417:Infinity":149,"b:408:22:408:46:408:46:408:Infinity":54,"s:418:3:418:Infinity":150,"s:420:3:433:Infinity":151,"b:424:21:424:45:424:45:424:Infinity":55,"s:434:3:434:Infinity":152,"s:438:1:438:Infinity":153},"fnNames":{}}}
}
